{"/Users/tom.wilson/Documents/Professional/React/third-clothing/client/src/App.js": {"path":"/Users/tom.wilson/Documents/Professional/React/third-clothing/client/src/App.js","statementMap":{"0":{"start":{"line":15,"column":17},"end":{"line":15,"column":63}},"1":{"start":{"line":15,"column":29},"end":{"line":15,"column":61}},"2":{"start":{"line":16,"column":17},"end":{"line":16,"column":63}},"3":{"start":{"line":16,"column":29},"end":{"line":16,"column":61}},"4":{"start":{"line":17,"column":20},"end":{"line":17,"column":72}},"5":{"start":{"line":17,"column":32},"end":{"line":17,"column":70}},"6":{"start":{"line":18,"column":28},"end":{"line":18,"column":104}},"7":{"start":{"line":18,"column":40},"end":{"line":18,"column":102}},"8":{"start":{"line":19,"column":21},"end":{"line":19,"column":75}},"9":{"start":{"line":19,"column":33},"end":{"line":19,"column":73}},"10":{"start":{"line":21,"column":12},"end":{"line":53,"column":1}},"11":{"start":{"line":22,"column":2},"end":{"line":24,"column":27}},"12":{"start":{"line":23,"column":4},"end":{"line":23,"column":22}},"13":{"start":{"line":26,"column":2},"end":{"line":52,"column":4}},"14":{"start":{"line":41,"column":16},"end":{"line":45,"column":17}},"15":{"start":{"line":55,"column":24},"end":{"line":57,"column":2}},"16":{"start":{"line":59,"column":27},"end":{"line":61,"column":2}},"17":{"start":{"line":59,"column":40},"end":{"line":61,"column":1}},"18":{"start":{"line":60,"column":26},"end":{"line":60,"column":56}}},"fnMap":{"0":{"name":"(anonymous_0)","decl":{"start":{"line":15,"column":23},"end":{"line":15,"column":24}},"loc":{"start":{"line":15,"column":29},"end":{"line":15,"column":61}},"line":15},"1":{"name":"(anonymous_1)","decl":{"start":{"line":16,"column":23},"end":{"line":16,"column":24}},"loc":{"start":{"line":16,"column":29},"end":{"line":16,"column":61}},"line":16},"2":{"name":"(anonymous_2)","decl":{"start":{"line":17,"column":26},"end":{"line":17,"column":27}},"loc":{"start":{"line":17,"column":32},"end":{"line":17,"column":70}},"line":17},"3":{"name":"(anonymous_3)","decl":{"start":{"line":18,"column":34},"end":{"line":18,"column":35}},"loc":{"start":{"line":18,"column":40},"end":{"line":18,"column":102}},"line":18},"4":{"name":"(anonymous_4)","decl":{"start":{"line":19,"column":27},"end":{"line":19,"column":28}},"loc":{"start":{"line":19,"column":33},"end":{"line":19,"column":73}},"line":19},"5":{"name":"(anonymous_5)","decl":{"start":{"line":21,"column":12},"end":{"line":21,"column":13}},"loc":{"start":{"line":21,"column":51},"end":{"line":53,"column":1}},"line":21},"6":{"name":"(anonymous_6)","decl":{"start":{"line":22,"column":13},"end":{"line":22,"column":14}},"loc":{"start":{"line":22,"column":19},"end":{"line":24,"column":3}},"line":22},"7":{"name":"(anonymous_7)","decl":{"start":{"line":40,"column":23},"end":{"line":40,"column":24}},"loc":{"start":{"line":41,"column":16},"end":{"line":45,"column":17}},"line":41},"8":{"name":"(anonymous_8)","decl":{"start":{"line":59,"column":27},"end":{"line":59,"column":28}},"loc":{"start":{"line":59,"column":40},"end":{"line":61,"column":1}},"line":59},"9":{"name":"(anonymous_9)","decl":{"start":{"line":60,"column":20},"end":{"line":60,"column":21}},"loc":{"start":{"line":60,"column":26},"end":{"line":60,"column":56}},"line":60}},"branchMap":{"0":{"loc":{"start":{"line":41,"column":16},"end":{"line":45,"column":17}},"type":"cond-expr","locations":[{"start":{"line":42,"column":18},"end":{"line":42,"column":37}},{"start":{"line":44,"column":18},"end":{"line":44,"column":41}}],"line":41}},"s":{"0":0,"1":0,"2":0,"3":0,"4":0,"5":0,"6":0,"7":0,"8":0,"9":0,"10":0,"11":0,"12":0,"13":0,"14":0,"15":0,"16":0,"17":0,"18":0},"f":{"0":0,"1":0,"2":0,"3":0,"4":0,"5":0,"6":0,"7":0,"8":0,"9":0},"b":{"0":[0,0]},"hash":"65b27602b8a230befeaa9a56acb27d17da9a46e4"}
,"/Users/tom.wilson/Documents/Professional/React/third-clothing/client/src/global.style.js": {"path":"/Users/tom.wilson/Documents/Professional/React/third-clothing/client/src/global.style.js","statementMap":{"0":{"start":{"line":3,"column":27},"end":{"line":28,"column":1}}},"fnMap":{},"branchMap":{},"s":{"0":0},"f":{},"b":{},"hash":"3022a2670e3706947cdc5af476aa966c386a6936"}
,"/Users/tom.wilson/Documents/Professional/React/third-clothing/client/src/index.js": {"path":"/Users/tom.wilson/Documents/Professional/React/third-clothing/client/src/index.js","statementMap":{"0":{"start":{"line":13,"column":0},"end":{"line":22,"column":2}},"1":{"start":{"line":24,"column":0},"end":{"line":24,"column":25}}},"fnMap":{},"branchMap":{},"s":{"0":0,"1":0},"f":{},"b":{},"hash":"b0dcbdbe91343a44561e89b100a1341fe63382f2"}
,"/Users/tom.wilson/Documents/Professional/React/third-clothing/client/src/serviceWorker.js": {"path":"/Users/tom.wilson/Documents/Professional/React/third-clothing/client/src/serviceWorker.js","statementMap":{"0":{"start":{"line":13,"column":20},"end":{"line":21,"column":1}},"1":{"start":{"line":24,"column":2},"end":{"line":54,"column":3}},"2":{"start":{"line":26,"column":22},"end":{"line":26,"column":75}},"3":{"start":{"line":27,"column":4},"end":{"line":32,"column":5}},"4":{"start":{"line":31,"column":6},"end":{"line":31,"column":13}},"5":{"start":{"line":34,"column":4},"end":{"line":53,"column":7}},"6":{"start":{"line":35,"column":20},"end":{"line":35,"column":65}},"7":{"start":{"line":37,"column":6},"end":{"line":52,"column":7}},"8":{"start":{"line":39,"column":8},"end":{"line":39,"column":47}},"9":{"start":{"line":43,"column":8},"end":{"line":48,"column":11}},"10":{"start":{"line":44,"column":10},"end":{"line":47,"column":12}},"11":{"start":{"line":51,"column":8},"end":{"line":51,"column":39}},"12":{"start":{"line":58,"column":2},"end":{"line":98,"column":7}},"13":{"start":{"line":61,"column":6},"end":{"line":94,"column":8}},"14":{"start":{"line":62,"column":33},"end":{"line":62,"column":56}},"15":{"start":{"line":63,"column":8},"end":{"line":65,"column":9}},"16":{"start":{"line":64,"column":10},"end":{"line":64,"column":17}},"17":{"start":{"line":66,"column":8},"end":{"line":93,"column":10}},"18":{"start":{"line":67,"column":10},"end":{"line":92,"column":11}},"19":{"start":{"line":68,"column":12},"end":{"line":91,"column":13}},"20":{"start":{"line":72,"column":14},"end":{"line":75,"column":16}},"21":{"start":{"line":78,"column":14},"end":{"line":80,"column":15}},"22":{"start":{"line":79,"column":16},"end":{"line":79,"column":46}},"23":{"start":{"line":85,"column":14},"end":{"line":85,"column":64}},"24":{"start":{"line":88,"column":14},"end":{"line":90,"column":15}},"25":{"start":{"line":89,"column":16},"end":{"line":89,"column":47}},"26":{"start":{"line":97,"column":6},"end":{"line":97,"column":72}},"27":{"start":{"line":103,"column":2},"end":{"line":128,"column":7}},"28":{"start":{"line":108,"column":26},"end":{"line":108,"column":62}},"29":{"start":{"line":109,"column":6},"end":{"line":122,"column":7}},"30":{"start":{"line":114,"column":8},"end":{"line":118,"column":11}},"31":{"start":{"line":115,"column":10},"end":{"line":117,"column":13}},"32":{"start":{"line":116,"column":12},"end":{"line":116,"column":37}},"33":{"start":{"line":121,"column":8},"end":{"line":121,"column":39}},"34":{"start":{"line":125,"column":6},"end":{"line":127,"column":8}},"35":{"start":{"line":132,"column":2},"end":{"line":140,"column":3}},"36":{"start":{"line":133,"column":4},"end":{"line":139,"column":9}},"37":{"start":{"line":135,"column":8},"end":{"line":135,"column":34}},"38":{"start":{"line":138,"column":8},"end":{"line":138,"column":37}}},"fnMap":{"0":{"name":"register","decl":{"start":{"line":23,"column":16},"end":{"line":23,"column":24}},"loc":{"start":{"line":23,"column":33},"end":{"line":55,"column":1}},"line":23},"1":{"name":"(anonymous_1)","decl":{"start":{"line":34,"column":36},"end":{"line":34,"column":37}},"loc":{"start":{"line":34,"column":42},"end":{"line":53,"column":5}},"line":34},"2":{"name":"(anonymous_2)","decl":{"start":{"line":43,"column":43},"end":{"line":43,"column":44}},"loc":{"start":{"line":43,"column":49},"end":{"line":48,"column":9}},"line":43},"3":{"name":"registerValidSW","decl":{"start":{"line":57,"column":9},"end":{"line":57,"column":24}},"loc":{"start":{"line":57,"column":40},"end":{"line":99,"column":1}},"line":57},"4":{"name":"(anonymous_4)","decl":{"start":{"line":60,"column":10},"end":{"line":60,"column":11}},"loc":{"start":{"line":60,"column":26},"end":{"line":95,"column":5}},"line":60},"5":{"name":"(anonymous_5)","decl":{"start":{"line":61,"column":35},"end":{"line":61,"column":36}},"loc":{"start":{"line":61,"column":41},"end":{"line":94,"column":7}},"line":61},"6":{"name":"(anonymous_6)","decl":{"start":{"line":66,"column":41},"end":{"line":66,"column":42}},"loc":{"start":{"line":66,"column":47},"end":{"line":93,"column":9}},"line":66},"7":{"name":"(anonymous_7)","decl":{"start":{"line":96,"column":11},"end":{"line":96,"column":12}},"loc":{"start":{"line":96,"column":20},"end":{"line":98,"column":5}},"line":96},"8":{"name":"checkValidServiceWorker","decl":{"start":{"line":101,"column":9},"end":{"line":101,"column":32}},"loc":{"start":{"line":101,"column":48},"end":{"line":129,"column":1}},"line":101},"9":{"name":"(anonymous_9)","decl":{"start":{"line":106,"column":10},"end":{"line":106,"column":11}},"loc":{"start":{"line":106,"column":22},"end":{"line":123,"column":5}},"line":106},"10":{"name":"(anonymous_10)","decl":{"start":{"line":114,"column":43},"end":{"line":114,"column":44}},"loc":{"start":{"line":114,"column":59},"end":{"line":118,"column":9}},"line":114},"11":{"name":"(anonymous_11)","decl":{"start":{"line":115,"column":41},"end":{"line":115,"column":42}},"loc":{"start":{"line":115,"column":47},"end":{"line":117,"column":11}},"line":115},"12":{"name":"(anonymous_12)","decl":{"start":{"line":124,"column":11},"end":{"line":124,"column":12}},"loc":{"start":{"line":124,"column":17},"end":{"line":128,"column":5}},"line":124},"13":{"name":"unregister","decl":{"start":{"line":131,"column":16},"end":{"line":131,"column":26}},"loc":{"start":{"line":131,"column":29},"end":{"line":141,"column":1}},"line":131},"14":{"name":"(anonymous_14)","decl":{"start":{"line":134,"column":12},"end":{"line":134,"column":13}},"loc":{"start":{"line":134,"column":28},"end":{"line":136,"column":7}},"line":134},"15":{"name":"(anonymous_15)","decl":{"start":{"line":137,"column":13},"end":{"line":137,"column":14}},"loc":{"start":{"line":137,"column":22},"end":{"line":139,"column":7}},"line":137}},"branchMap":{"0":{"loc":{"start":{"line":14,"column":2},"end":{"line":20,"column":5}},"type":"binary-expr","locations":[{"start":{"line":14,"column":2},"end":{"line":14,"column":42}},{"start":{"line":16,"column":4},"end":{"line":16,"column":40}},{"start":{"line":18,"column":4},"end":{"line":20,"column":5}}],"line":14},"1":{"loc":{"start":{"line":24,"column":2},"end":{"line":54,"column":3}},"type":"if","locations":[{"start":{"line":24,"column":2},"end":{"line":54,"column":3}},{"start":{"line":24,"column":2},"end":{"line":54,"column":3}}],"line":24},"2":{"loc":{"start":{"line":24,"column":6},"end":{"line":24,"column":75}},"type":"binary-expr","locations":[{"start":{"line":24,"column":6},"end":{"line":24,"column":43}},{"start":{"line":24,"column":47},"end":{"line":24,"column":75}}],"line":24},"3":{"loc":{"start":{"line":27,"column":4},"end":{"line":32,"column":5}},"type":"if","locations":[{"start":{"line":27,"column":4},"end":{"line":32,"column":5}},{"start":{"line":27,"column":4},"end":{"line":32,"column":5}}],"line":27},"4":{"loc":{"start":{"line":37,"column":6},"end":{"line":52,"column":7}},"type":"if","locations":[{"start":{"line":37,"column":6},"end":{"line":52,"column":7}},{"start":{"line":37,"column":6},"end":{"line":52,"column":7}}],"line":37},"5":{"loc":{"start":{"line":63,"column":8},"end":{"line":65,"column":9}},"type":"if","locations":[{"start":{"line":63,"column":8},"end":{"line":65,"column":9}},{"start":{"line":63,"column":8},"end":{"line":65,"column":9}}],"line":63},"6":{"loc":{"start":{"line":67,"column":10},"end":{"line":92,"column":11}},"type":"if","locations":[{"start":{"line":67,"column":10},"end":{"line":92,"column":11}},{"start":{"line":67,"column":10},"end":{"line":92,"column":11}}],"line":67},"7":{"loc":{"start":{"line":68,"column":12},"end":{"line":91,"column":13}},"type":"if","locations":[{"start":{"line":68,"column":12},"end":{"line":91,"column":13}},{"start":{"line":68,"column":12},"end":{"line":91,"column":13}}],"line":68},"8":{"loc":{"start":{"line":78,"column":14},"end":{"line":80,"column":15}},"type":"if","locations":[{"start":{"line":78,"column":14},"end":{"line":80,"column":15}},{"start":{"line":78,"column":14},"end":{"line":80,"column":15}}],"line":78},"9":{"loc":{"start":{"line":78,"column":18},"end":{"line":78,"column":43}},"type":"binary-expr","locations":[{"start":{"line":78,"column":18},"end":{"line":78,"column":24}},{"start":{"line":78,"column":28},"end":{"line":78,"column":43}}],"line":78},"10":{"loc":{"start":{"line":88,"column":14},"end":{"line":90,"column":15}},"type":"if","locations":[{"start":{"line":88,"column":14},"end":{"line":90,"column":15}},{"start":{"line":88,"column":14},"end":{"line":90,"column":15}}],"line":88},"11":{"loc":{"start":{"line":88,"column":18},"end":{"line":88,"column":44}},"type":"binary-expr","locations":[{"start":{"line":88,"column":18},"end":{"line":88,"column":24}},{"start":{"line":88,"column":28},"end":{"line":88,"column":44}}],"line":88},"12":{"loc":{"start":{"line":109,"column":6},"end":{"line":122,"column":7}},"type":"if","locations":[{"start":{"line":109,"column":6},"end":{"line":122,"column":7}},{"start":{"line":109,"column":6},"end":{"line":122,"column":7}}],"line":109},"13":{"loc":{"start":{"line":110,"column":8},"end":{"line":111,"column":73}},"type":"binary-expr","locations":[{"start":{"line":110,"column":8},"end":{"line":110,"column":31}},{"start":{"line":111,"column":9},"end":{"line":111,"column":28}},{"start":{"line":111,"column":32},"end":{"line":111,"column":72}}],"line":110},"14":{"loc":{"start":{"line":132,"column":2},"end":{"line":140,"column":3}},"type":"if","locations":[{"start":{"line":132,"column":2},"end":{"line":140,"column":3}},{"start":{"line":132,"column":2},"end":{"line":140,"column":3}}],"line":132}},"s":{"0":0,"1":0,"2":0,"3":0,"4":0,"5":0,"6":0,"7":0,"8":0,"9":0,"10":0,"11":0,"12":0,"13":0,"14":0,"15":0,"16":0,"17":0,"18":0,"19":0,"20":0,"21":0,"22":0,"23":0,"24":0,"25":0,"26":0,"27":0,"28":0,"29":0,"30":0,"31":0,"32":0,"33":0,"34":0,"35":0,"36":0,"37":0,"38":0},"f":{"0":0,"1":0,"2":0,"3":0,"4":0,"5":0,"6":0,"7":0,"8":0,"9":0,"10":0,"11":0,"12":0,"13":0,"14":0,"15":0},"b":{"0":[0,0,0],"1":[0,0],"2":[0,0],"3":[0,0],"4":[0,0],"5":[0,0],"6":[0,0],"7":[0,0],"8":[0,0],"9":[0,0],"10":[0,0],"11":[0,0],"12":[0,0],"13":[0,0,0],"14":[0,0]},"hash":"927616faa5011eaccf52b6ddc5b420604e174f95"}
,"/Users/tom.wilson/Documents/Professional/React/third-clothing/client/src/components/cart-dropdown/cart-dropdown.component.jsx": {"path":"/Users/tom.wilson/Documents/Professional/React/third-clothing/client/src/components/cart-dropdown/cart-dropdown.component.jsx","statementMap":{"0":{"start":{"line":17,"column":28},"end":{"line":44,"column":1}},"1":{"start":{"line":18,"column":2},"end":{"line":43,"column":26}},"2":{"start":{"line":24,"column":10},"end":{"line":27,"column":12}},"3":{"start":{"line":38,"column":8},"end":{"line":38,"column":36}},"4":{"start":{"line":39,"column":8},"end":{"line":39,"column":39}},"5":{"start":{"line":46,"column":24},"end":{"line":48,"column":2}}},"fnMap":{"0":{"name":"(anonymous_0)","decl":{"start":{"line":17,"column":28},"end":{"line":17,"column":29}},"loc":{"start":{"line":18,"column":2},"end":{"line":43,"column":26}},"line":18},"1":{"name":"(anonymous_1)","decl":{"start":{"line":23,"column":25},"end":{"line":23,"column":26}},"loc":{"start":{"line":24,"column":10},"end":{"line":27,"column":12}},"line":24},"2":{"name":"(anonymous_2)","decl":{"start":{"line":37,"column":15},"end":{"line":37,"column":16}},"loc":{"start":{"line":37,"column":21},"end":{"line":40,"column":7}},"line":37}},"branchMap":{"0":{"loc":{"start":{"line":22,"column":8},"end":{"line":33,"column":9}},"type":"cond-expr","locations":[{"start":{"line":23,"column":10},"end":{"line":28,"column":10}},{"start":{"line":29,"column":10},"end":{"line":32,"column":12}}],"line":22}},"s":{"0":1,"1":2,"2":3,"3":1,"4":1,"5":1},"f":{"0":2,"1":3,"2":1},"b":{"0":[1,1]},"_coverageSchema":"43e27e138ebf9cfc5966b082cf9a028302ed4184","hash":"58c378681c0a08fc14778b39367fd3076b5c1ae1"}
,"/Users/tom.wilson/Documents/Professional/React/third-clothing/client/src/components/cart-dropdown/cart-dropdown.styles.jsx": {"path":"/Users/tom.wilson/Documents/Professional/React/third-clothing/client/src/components/cart-dropdown/cart-dropdown.styles.jsx","statementMap":{"0":{"start":{"line":4,"column":37},"end":{"line":23,"column":1}},"1":{"start":{"line":25,"column":33},"end":{"line":32,"column":1}},"2":{"start":{"line":34,"column":28},"end":{"line":37,"column":1}},"3":{"start":{"line":39,"column":34},"end":{"line":41,"column":1}},"4":{"start":{"line":43,"column":0},"end":{"line":43,"column":54}},"5":{"start":{"line":44,"column":0},"end":{"line":44,"column":42}}},"fnMap":{},"branchMap":{},"s":{"0":1,"1":1,"2":1,"3":1,"4":1,"5":1},"f":{},"b":{},"_coverageSchema":"43e27e138ebf9cfc5966b082cf9a028302ed4184","hash":"5bc206eba95b447618d78c52344192ddd84459c9"}
,"/Users/tom.wilson/Documents/Professional/React/third-clothing/client/src/components/cart-icon/cart-icon.component.jsx": {"path":"/Users/tom.wilson/Documents/Professional/React/third-clothing/client/src/components/cart-icon/cart-icon.component.jsx","statementMap":{"0":{"start":{"line":16,"column":24},"end":{"line":30,"column":1}},"1":{"start":{"line":17,"column":2},"end":{"line":29,"column":22}},"2":{"start":{"line":32,"column":24},"end":{"line":34,"column":2}},"3":{"start":{"line":36,"column":27},"end":{"line":38,"column":2}},"4":{"start":{"line":36,"column":40},"end":{"line":38,"column":1}},"5":{"start":{"line":37,"column":26},"end":{"line":37,"column":56}}},"fnMap":{"0":{"name":"(anonymous_0)","decl":{"start":{"line":16,"column":24},"end":{"line":16,"column":25}},"loc":{"start":{"line":17,"column":2},"end":{"line":29,"column":22}},"line":17},"1":{"name":"(anonymous_1)","decl":{"start":{"line":36,"column":27},"end":{"line":36,"column":28}},"loc":{"start":{"line":36,"column":40},"end":{"line":38,"column":1}},"line":36},"2":{"name":"(anonymous_2)","decl":{"start":{"line":37,"column":20},"end":{"line":37,"column":21}},"loc":{"start":{"line":37,"column":26},"end":{"line":37,"column":56}},"line":37}},"branchMap":{},"s":{"0":1,"1":1,"2":1,"3":1,"4":0,"5":0},"f":{"0":1,"1":0,"2":0},"b":{},"_coverageSchema":"43e27e138ebf9cfc5966b082cf9a028302ed4184","hash":"d939de709ca5b092465753abab0e75e7d5cfc7d0"}
,"/Users/tom.wilson/Documents/Professional/React/third-clothing/client/src/components/cart-icon/cart-icon.styles.jsx": {"path":"/Users/tom.wilson/Documents/Professional/React/third-clothing/client/src/components/cart-icon/cart-icon.styles.jsx","statementMap":{"0":{"start":{"line":5,"column":33},"end":{"line":18,"column":1}},"1":{"start":{"line":20,"column":28},"end":{"line":23,"column":1}},"2":{"start":{"line":25,"column":25},"end":{"line":30,"column":1}},"3":{"start":{"line":32,"column":0},"end":{"line":32,"column":52}},"4":{"start":{"line":33,"column":0},"end":{"line":33,"column":42}},"5":{"start":{"line":34,"column":0},"end":{"line":34,"column":36}}},"fnMap":{},"branchMap":{},"s":{"0":1,"1":1,"2":1,"3":1,"4":1,"5":1},"f":{},"b":{},"_coverageSchema":"43e27e138ebf9cfc5966b082cf9a028302ed4184","hash":"b4ad88a1e2e9e2de5e313f21f6bc97c5365bc2b9"}
,"/Users/tom.wilson/Documents/Professional/React/third-clothing/client/src/components/cart-item/cart-item.component.jsx": {"path":"/Users/tom.wilson/Documents/Professional/React/third-clothing/client/src/components/cart-item/cart-item.component.jsx","statementMap":{"0":{"start":{"line":11,"column":24},"end":{"line":21,"column":1}},"1":{"start":{"line":12,"column":2},"end":{"line":20,"column":3}}},"fnMap":{"0":{"name":"(anonymous_0)","decl":{"start":{"line":11,"column":24},"end":{"line":11,"column":25}},"loc":{"start":{"line":11,"column":75},"end":{"line":21,"column":1}},"line":11}},"branchMap":{},"s":{"0":2,"1":1},"f":{"0":1},"b":{},"_coverageSchema":"43e27e138ebf9cfc5966b082cf9a028302ed4184","hash":"623e5b27c7b6c23826c1a00db129ee8b687f00af"}
,"/Users/tom.wilson/Documents/Professional/React/third-clothing/client/src/components/cart-item/cart-item.styles.jsx": {"path":"/Users/tom.wilson/Documents/Professional/React/third-clothing/client/src/components/cart-item/cart-item.styles.jsx","statementMap":{"0":{"start":{"line":3,"column":33},"end":{"line":8,"column":1}},"1":{"start":{"line":10,"column":29},"end":{"line":13,"column":1}},"2":{"start":{"line":15,"column":31},"end":{"line":22,"column":1}},"3":{"start":{"line":24,"column":28},"end":{"line":26,"column":1}},"4":{"start":{"line":28,"column":29},"end":{"line":30,"column":1}},"5":{"start":{"line":32,"column":0},"end":{"line":32,"column":52}},"6":{"start":{"line":33,"column":0},"end":{"line":33,"column":42}},"7":{"start":{"line":34,"column":0},"end":{"line":34,"column":44}}},"fnMap":{},"branchMap":{},"s":{"0":2,"1":2,"2":2,"3":2,"4":2,"5":2,"6":2,"7":2},"f":{},"b":{},"_coverageSchema":"43e27e138ebf9cfc5966b082cf9a028302ed4184","hash":"470073295ae82820a92d54ac8640bcb2e0ff6c86"}
,"/Users/tom.wilson/Documents/Professional/React/third-clothing/client/src/components/checkout-item/checkout-item.component.jsx": {"path":"/Users/tom.wilson/Documents/Professional/React/third-clothing/client/src/components/checkout-item/checkout-item.component.jsx","statementMap":{"0":{"start":{"line":19,"column":28},"end":{"line":43,"column":1}},"1":{"start":{"line":20,"column":46},"end":{"line":20,"column":54}},"2":{"start":{"line":21,"column":2},"end":{"line":42,"column":3}},"3":{"start":{"line":31,"column":28},"end":{"line":31,"column":50}},"4":{"start":{"line":33,"column":28},"end":{"line":33,"column":47}},"5":{"start":{"line":38,"column":23},"end":{"line":38,"column":42}},"6":{"start":{"line":45,"column":27},"end":{"line":49,"column":2}},"7":{"start":{"line":45,"column":40},"end":{"line":49,"column":1}},"8":{"start":{"line":46,"column":21},"end":{"line":46,"column":54}},"9":{"start":{"line":47,"column":19},"end":{"line":47,"column":42}},"10":{"start":{"line":48,"column":22},"end":{"line":48,"column":48}}},"fnMap":{"0":{"name":"(anonymous_0)","decl":{"start":{"line":19,"column":28},"end":{"line":19,"column":29}},"loc":{"start":{"line":19,"column":78},"end":{"line":43,"column":1}},"line":19},"1":{"name":"(anonymous_1)","decl":{"start":{"line":31,"column":22},"end":{"line":31,"column":23}},"loc":{"start":{"line":31,"column":28},"end":{"line":31,"column":50}},"line":31},"2":{"name":"(anonymous_2)","decl":{"start":{"line":33,"column":22},"end":{"line":33,"column":23}},"loc":{"start":{"line":33,"column":28},"end":{"line":33,"column":47}},"line":33},"3":{"name":"(anonymous_3)","decl":{"start":{"line":38,"column":17},"end":{"line":38,"column":18}},"loc":{"start":{"line":38,"column":23},"end":{"line":38,"column":42}},"line":38},"4":{"name":"(anonymous_4)","decl":{"start":{"line":45,"column":27},"end":{"line":45,"column":28}},"loc":{"start":{"line":45,"column":40},"end":{"line":49,"column":1}},"line":45},"5":{"name":"(anonymous_5)","decl":{"start":{"line":46,"column":13},"end":{"line":46,"column":14}},"loc":{"start":{"line":46,"column":21},"end":{"line":46,"column":54}},"line":46},"6":{"name":"(anonymous_6)","decl":{"start":{"line":47,"column":11},"end":{"line":47,"column":12}},"loc":{"start":{"line":47,"column":19},"end":{"line":47,"column":42}},"line":47},"7":{"name":"(anonymous_7)","decl":{"start":{"line":48,"column":14},"end":{"line":48,"column":15}},"loc":{"start":{"line":48,"column":22},"end":{"line":48,"column":48}},"line":48}},"branchMap":{},"s":{"0":1,"1":1,"2":1,"3":0,"4":0,"5":0,"6":1,"7":0,"8":0,"9":0,"10":0},"f":{"0":1,"1":0,"2":0,"3":0,"4":0,"5":0,"6":0,"7":0},"b":{},"_coverageSchema":"43e27e138ebf9cfc5966b082cf9a028302ed4184","hash":"a9e69d5187c1151c21fa0242bda4caeac443ce70"}
,"/Users/tom.wilson/Documents/Professional/React/third-clothing/client/src/components/checkout-item/checkout-item.styles.jsx": {"path":"/Users/tom.wilson/Documents/Professional/React/third-clothing/client/src/components/checkout-item/checkout-item.styles.jsx","statementMap":{"0":{"start":{"line":3,"column":37},"end":{"line":14,"column":1}},"1":{"start":{"line":16,"column":30},"end":{"line":23,"column":1}},"2":{"start":{"line":25,"column":29},"end":{"line":30,"column":1}},"3":{"start":{"line":32,"column":33},"end":{"line":40,"column":1}},"4":{"start":{"line":42,"column":37},"end":{"line":45,"column":1}},"5":{"start":{"line":47,"column":0},"end":{"line":47,"column":52}},"6":{"start":{"line":48,"column":0},"end":{"line":48,"column":60}}},"fnMap":{},"branchMap":{},"s":{"0":1,"1":1,"2":1,"3":1,"4":1,"5":1,"6":1},"f":{},"b":{},"_coverageSchema":"43e27e138ebf9cfc5966b082cf9a028302ed4184","hash":"2938562c1d6077a95d93e0182c0f7eb31a2a8e5a"}
,"/Users/tom.wilson/Documents/Professional/React/third-clothing/client/src/components/contact-item/contact-item.component.jsx": {"path":"/Users/tom.wilson/Documents/Professional/React/third-clothing/client/src/components/contact-item/contact-item.component.jsx","statementMap":{"0":{"start":{"line":14,"column":27},"end":{"line":38,"column":1}},"1":{"start":{"line":15,"column":2},"end":{"line":37,"column":25}}},"fnMap":{"0":{"name":"(anonymous_0)","decl":{"start":{"line":14,"column":27},"end":{"line":14,"column":28}},"loc":{"start":{"line":15,"column":2},"end":{"line":37,"column":25}},"line":15}},"branchMap":{},"s":{"0":1,"1":1},"f":{"0":1},"b":{},"_coverageSchema":"43e27e138ebf9cfc5966b082cf9a028302ed4184","hash":"db8cc7d9ccbe27669e9c2f979a63015c36e653db"}
,"/Users/tom.wilson/Documents/Professional/React/third-clothing/client/src/components/contact-item/contact-item.styles.jsx": {"path":"/Users/tom.wilson/Documents/Professional/React/third-clothing/client/src/components/contact-item/contact-item.styles.jsx","statementMap":{"0":{"start":{"line":3,"column":36},"end":{"line":9,"column":1}},"1":{"start":{"line":11,"column":32},"end":{"line":21,"column":1}},"2":{"start":{"line":23,"column":31},"end":{"line":42,"column":1}},"3":{"start":{"line":37,"column":29},"end":{"line":37,"column":42}},"4":{"start":{"line":44,"column":28},"end":{"line":50,"column":1}},"5":{"start":{"line":52,"column":31},"end":{"line":57,"column":1}},"6":{"start":{"line":59,"column":0},"end":{"line":59,"column":48}},"7":{"start":{"line":60,"column":0},"end":{"line":60,"column":42}}},"fnMap":{"0":{"name":"(anonymous_0)","decl":{"start":{"line":37,"column":11},"end":{"line":37,"column":12}},"loc":{"start":{"line":37,"column":29},"end":{"line":37,"column":42}},"line":37}},"branchMap":{},"s":{"0":1,"1":1,"2":1,"3":0,"4":1,"5":1,"6":1,"7":1},"f":{"0":0},"b":{},"_coverageSchema":"43e27e138ebf9cfc5966b082cf9a028302ed4184","hash":"85d2b7638470df625d890325de9076de9885076a"}
,"/Users/tom.wilson/Documents/Professional/React/third-clothing/client/src/components/custom-button/custom-button.component.jsx": {"path":"/Users/tom.wilson/Documents/Professional/React/third-clothing/client/src/components/custom-button/custom-button.component.jsx","statementMap":{"0":{"start":{"line":5,"column":21},"end":{"line":9,"column":1}},"1":{"start":{"line":6,"column":2},"end":{"line":8,"column":26}}},"fnMap":{"0":{"name":"(anonymous_0)","decl":{"start":{"line":5,"column":21},"end":{"line":5,"column":22}},"loc":{"start":{"line":6,"column":2},"end":{"line":8,"column":26}},"line":6}},"branchMap":{},"s":{"0":1,"1":0},"f":{"0":0},"b":{},"_coverageSchema":"43e27e138ebf9cfc5966b082cf9a028302ed4184","hash":"8100e2d737ac871d824a20ffeecd594185c4e099"}
,"/Users/tom.wilson/Documents/Professional/React/third-clothing/client/src/components/custom-button/custom-button.styles.jsx": {"path":"/Users/tom.wilson/Documents/Professional/React/third-clothing/client/src/components/custom-button/custom-button.styles.jsx","statementMap":{"0":{"start":{"line":3,"column":21},"end":{"line":13,"column":1}},"1":{"start":{"line":15,"column":29},"end":{"line":24,"column":1}},"2":{"start":{"line":26,"column":27},"end":{"line":34,"column":1}},"3":{"start":{"line":35,"column":24},"end":{"line":43,"column":1}},"4":{"start":{"line":36,"column":2},"end":{"line":42,"column":3}},"5":{"start":{"line":37,"column":4},"end":{"line":37,"column":30}},"6":{"start":{"line":38,"column":9},"end":{"line":42,"column":3}},"7":{"start":{"line":39,"column":4},"end":{"line":39,"column":32}},"8":{"start":{"line":41,"column":4},"end":{"line":41,"column":24}},"9":{"start":{"line":45,"column":37},"end":{"line":60,"column":1}}},"fnMap":{"0":{"name":"(anonymous_0)","decl":{"start":{"line":35,"column":24},"end":{"line":35,"column":25}},"loc":{"start":{"line":35,"column":33},"end":{"line":43,"column":1}},"line":35}},"branchMap":{"0":{"loc":{"start":{"line":36,"column":2},"end":{"line":42,"column":3}},"type":"if","locations":[{"start":{"line":36,"column":2},"end":{"line":42,"column":3}},{"start":{"line":36,"column":2},"end":{"line":42,"column":3}}],"line":36},"1":{"loc":{"start":{"line":38,"column":9},"end":{"line":42,"column":3}},"type":"if","locations":[{"start":{"line":38,"column":9},"end":{"line":42,"column":3}},{"start":{"line":38,"column":9},"end":{"line":42,"column":3}}],"line":38}},"s":{"0":1,"1":1,"2":1,"3":1,"4":0,"5":0,"6":0,"7":0,"8":0,"9":1},"f":{"0":0},"b":{"0":[0,0],"1":[0,0]},"_coverageSchema":"43e27e138ebf9cfc5966b082cf9a028302ed4184","hash":"c2dae3276a2826cf2308a93f7d2ba0fe524870e9"}
,"/Users/tom.wilson/Documents/Professional/React/third-clothing/client/src/components/detail-directory/detail-directory.component.jsx": {"path":"/Users/tom.wilson/Documents/Professional/React/third-clothing/client/src/components/detail-directory/detail-directory.component.jsx","statementMap":{"0":{"start":{"line":11,"column":24},"end":{"line":17,"column":1}},"1":{"start":{"line":12,"column":2},"end":{"line":16,"column":8}},"2":{"start":{"line":14,"column":6},"end":{"line":14,"column":46}},"3":{"start":{"line":19,"column":24},"end":{"line":21,"column":2}}},"fnMap":{"0":{"name":"(anonymous_0)","decl":{"start":{"line":11,"column":24},"end":{"line":11,"column":25}},"loc":{"start":{"line":12,"column":2},"end":{"line":16,"column":8}},"line":12},"1":{"name":"(anonymous_1)","decl":{"start":{"line":13,"column":24},"end":{"line":13,"column":25}},"loc":{"start":{"line":14,"column":6},"end":{"line":14,"column":46}},"line":14}},"branchMap":{},"s":{"0":0,"1":0,"2":0,"3":0},"f":{"0":0,"1":0},"b":{},"hash":"edeb4433e274831546bd5b59698bd04f3001a6e7"}
,"/Users/tom.wilson/Documents/Professional/React/third-clothing/client/src/components/directory/directory.component.jsx": {"path":"/Users/tom.wilson/Documents/Professional/React/third-clothing/client/src/components/directory/directory.component.jsx","statementMap":{"0":{"start":{"line":11,"column":18},"end":{"line":17,"column":1}},"1":{"start":{"line":12,"column":2},"end":{"line":16,"column":8}},"2":{"start":{"line":14,"column":6},"end":{"line":14,"column":50}},"3":{"start":{"line":19,"column":24},"end":{"line":21,"column":2}}},"fnMap":{"0":{"name":"(anonymous_0)","decl":{"start":{"line":11,"column":18},"end":{"line":11,"column":19}},"loc":{"start":{"line":12,"column":2},"end":{"line":16,"column":8}},"line":12},"1":{"name":"(anonymous_1)","decl":{"start":{"line":13,"column":18},"end":{"line":13,"column":19}},"loc":{"start":{"line":14,"column":6},"end":{"line":14,"column":50}},"line":14}},"branchMap":{},"s":{"0":0,"1":0,"2":0,"3":0},"f":{"0":0,"1":0},"b":{},"hash":"99556ae7de164a36868ed3be02d572e6b2b3de1c"}
,"/Users/tom.wilson/Documents/Professional/React/third-clothing/client/src/components/error-boundary/error-boundary.component.jsx": {"path":"/Users/tom.wilson/Documents/Professional/React/third-clothing/client/src/components/error-boundary/error-boundary.component.jsx","statementMap":{"0":{"start":{"line":11,"column":4},"end":{"line":11,"column":12}},"1":{"start":{"line":13,"column":4},"end":{"line":15,"column":6}},"2":{"start":{"line":20,"column":4},"end":{"line":20,"column":31}},"3":{"start":{"line":24,"column":4},"end":{"line":24,"column":25}},"4":{"start":{"line":28,"column":4},"end":{"line":37,"column":5}},"5":{"start":{"line":29,"column":6},"end":{"line":34,"column":7}},"6":{"start":{"line":36,"column":6},"end":{"line":36,"column":32}}},"fnMap":{"0":{"name":"(anonymous_0)","decl":{"start":{"line":10,"column":2},"end":{"line":10,"column":3}},"loc":{"start":{"line":10,"column":16},"end":{"line":16,"column":3}},"line":10},"1":{"name":"(anonymous_1)","decl":{"start":{"line":18,"column":2},"end":{"line":18,"column":3}},"loc":{"start":{"line":18,"column":44},"end":{"line":21,"column":3}},"line":18},"2":{"name":"(anonymous_2)","decl":{"start":{"line":23,"column":2},"end":{"line":23,"column":3}},"loc":{"start":{"line":23,"column":35},"end":{"line":25,"column":3}},"line":23},"3":{"name":"(anonymous_3)","decl":{"start":{"line":27,"column":2},"end":{"line":27,"column":3}},"loc":{"start":{"line":27,"column":11},"end":{"line":38,"column":3}},"line":27}},"branchMap":{"0":{"loc":{"start":{"line":28,"column":4},"end":{"line":37,"column":5}},"type":"if","locations":[{"start":{"line":28,"column":4},"end":{"line":37,"column":5}},{"start":{"line":28,"column":4},"end":{"line":37,"column":5}}],"line":28}},"s":{"0":0,"1":0,"2":0,"3":0,"4":0,"5":0,"6":0},"f":{"0":0,"1":0,"2":0,"3":0},"b":{"0":[0,0]},"hash":"6304e55f618bea9ec6669e57d3e0cebe770161ab"}
,"/Users/tom.wilson/Documents/Professional/React/third-clothing/client/src/components/error-boundary/error-boundary.styles.jsx": {"path":"/Users/tom.wilson/Documents/Professional/React/third-clothing/client/src/components/error-boundary/error-boundary.styles.jsx","statementMap":{"0":{"start":{"line":3,"column":33},"end":{"line":10,"column":1}},"1":{"start":{"line":12,"column":35},"end":{"line":19,"column":1}},"2":{"start":{"line":14,"column":40},"end":{"line":14,"column":58}},"3":{"start":{"line":21,"column":30},"end":{"line":24,"column":1}}},"fnMap":{"0":{"name":"(anonymous_0)","decl":{"start":{"line":14,"column":22},"end":{"line":14,"column":23}},"loc":{"start":{"line":14,"column":40},"end":{"line":14,"column":58}},"line":14}},"branchMap":{},"s":{"0":0,"1":0,"2":0,"3":0},"f":{"0":0},"b":{},"hash":"19f3508f58faeacf9d2ec34047842c20d097ec1f"}
,"/Users/tom.wilson/Documents/Professional/React/third-clothing/client/src/components/form-input/form-input.component.jsx": {"path":"/Users/tom.wilson/Documents/Professional/React/third-clothing/client/src/components/form-input/form-input.component.jsx","statementMap":{"0":{"start":{"line":5,"column":18},"end":{"line":20,"column":1}},"1":{"start":{"line":6,"column":2},"end":{"line":19,"column":8}}},"fnMap":{"0":{"name":"(anonymous_0)","decl":{"start":{"line":5,"column":18},"end":{"line":5,"column":19}},"loc":{"start":{"line":6,"column":2},"end":{"line":19,"column":8}},"line":6}},"branchMap":{"0":{"loc":{"start":{"line":13,"column":6},"end":{"line":17,"column":12}},"type":"cond-expr","locations":[{"start":{"line":14,"column":7},"end":{"line":16,"column":14}},{"start":{"line":17,"column":8},"end":{"line":17,"column":12}}],"line":13},"1":{"loc":{"start":{"line":14,"column":28},"end":{"line":14,"column":66}},"type":"cond-expr","locations":[{"start":{"line":14,"column":54},"end":{"line":14,"column":62}},{"start":{"line":14,"column":64},"end":{"line":14,"column":66}}],"line":14}},"s":{"0":0,"1":0},"f":{"0":0},"b":{"0":[0,0],"1":[0,0]},"hash":"2f3ba2a00e179c5e91c46d4d5f9b9720dcaa3c48"}
,"/Users/tom.wilson/Documents/Professional/React/third-clothing/client/src/components/header/header.component.jsx": {"path":"/Users/tom.wilson/Documents/Professional/React/third-clothing/client/src/components/header/header.component.jsx","statementMap":{"0":{"start":{"line":20,"column":15},"end":{"line":63,"column":1}},"1":{"start":{"line":22,"column":2},"end":{"line":62,"column":20}},"2":{"start":{"line":65,"column":24},"end":{"line":68,"column":2}},"3":{"start":{"line":70,"column":27},"end":{"line":72,"column":2}},"4":{"start":{"line":70,"column":40},"end":{"line":72,"column":1}},"5":{"start":{"line":71,"column":22},"end":{"line":71,"column":48}}},"fnMap":{"0":{"name":"(anonymous_0)","decl":{"start":{"line":20,"column":15},"end":{"line":20,"column":16}},"loc":{"start":{"line":22,"column":2},"end":{"line":62,"column":20}},"line":22},"1":{"name":"(anonymous_1)","decl":{"start":{"line":70,"column":27},"end":{"line":70,"column":28}},"loc":{"start":{"line":70,"column":40},"end":{"line":72,"column":1}},"line":70},"2":{"name":"(anonymous_2)","decl":{"start":{"line":71,"column":16},"end":{"line":71,"column":17}},"loc":{"start":{"line":71,"column":22},"end":{"line":71,"column":48}},"line":71}},"branchMap":{"0":{"loc":{"start":{"line":43,"column":8},"end":{"line":57,"column":9}},"type":"cond-expr","locations":[{"start":{"line":45,"column":10},"end":{"line":50,"column":12}},{"start":{"line":52,"column":10},"end":{"line":56,"column":12}}],"line":43},"1":{"loc":{"start":{"line":61,"column":6},"end":{"line":61,"column":38}},"type":"cond-expr","locations":[{"start":{"line":61,"column":15},"end":{"line":61,"column":19}},{"start":{"line":61,"column":22},"end":{"line":61,"column":38}}],"line":61}},"s":{"0":0,"1":0,"2":0,"3":0,"4":0,"5":0},"f":{"0":0,"1":0,"2":0},"b":{"0":[0,0],"1":[0,0]},"hash":"5423ee57bab5efdbc5c8b4715ddaa7f157808644"}
,"/Users/tom.wilson/Documents/Professional/React/third-clothing/client/src/components/header/header.styles.jsx": {"path":"/Users/tom.wilson/Documents/Professional/React/third-clothing/client/src/components/header/header.styles.jsx","statementMap":{"0":{"start":{"line":4,"column":31},"end":{"line":21,"column":1}},"1":{"start":{"line":23,"column":29},"end":{"line":34,"column":1}},"2":{"start":{"line":36,"column":32},"end":{"line":45,"column":1}},"3":{"start":{"line":47,"column":28},"end":{"line":54,"column":1}},"4":{"start":{"line":56,"column":26},"end":{"line":58,"column":1}}},"fnMap":{},"branchMap":{},"s":{"0":0,"1":0,"2":0,"3":0,"4":0},"f":{},"b":{},"hash":"409e1dc31fc33e01446411481948161f46f9d0cd"}
,"/Users/tom.wilson/Documents/Professional/React/third-clothing/client/src/components/menu-item/menu-item.component.jsx": {"path":"/Users/tom.wilson/Documents/Professional/React/third-clothing/client/src/components/menu-item/menu-item.component.jsx","statementMap":{"0":{"start":{"line":12,"column":17},"end":{"line":35,"column":1}},"1":{"start":{"line":13,"column":2},"end":{"line":34,"column":22}},"2":{"start":{"line":17,"column":6},"end":{"line":17,"column":44}}},"fnMap":{"0":{"name":"(anonymous_0)","decl":{"start":{"line":12,"column":17},"end":{"line":12,"column":18}},"loc":{"start":{"line":13,"column":2},"end":{"line":34,"column":22}},"line":13},"1":{"name":"(anonymous_1)","decl":{"start":{"line":16,"column":14},"end":{"line":16,"column":15}},"loc":{"start":{"line":17,"column":6},"end":{"line":17,"column":44}},"line":17}},"branchMap":{},"s":{"0":0,"1":0,"2":0},"f":{"0":0,"1":0},"b":{},"hash":"33a8b33ce5313f1ab61e284c624642969e10160f"}
,"/Users/tom.wilson/Documents/Professional/React/third-clothing/client/src/components/menu-item/menu-item.styles.jsx": {"path":"/Users/tom.wilson/Documents/Professional/React/third-clothing/client/src/components/menu-item/menu-item.styles.jsx","statementMap":{"0":{"start":{"line":3,"column":28},"end":{"line":5,"column":1}},"1":{"start":{"line":7,"column":26},"end":{"line":9,"column":1}},"2":{"start":{"line":11,"column":26},"end":{"line":17,"column":1}},"3":{"start":{"line":12,"column":2},"end":{"line":16,"column":3}},"4":{"start":{"line":13,"column":4},"end":{"line":13,"column":31}},"5":{"start":{"line":15,"column":4},"end":{"line":15,"column":29}},"6":{"start":{"line":19,"column":33},"end":{"line":58,"column":1}},"7":{"start":{"line":60,"column":40},"end":{"line":66,"column":1}},"8":{"start":{"line":65,"column":40},"end":{"line":65,"column":58}},"9":{"start":{"line":68,"column":32},"end":{"line":79,"column":1}},"10":{"start":{"line":81,"column":28},"end":{"line":86,"column":1}},"11":{"start":{"line":88,"column":31},"end":{"line":91,"column":1}}},"fnMap":{"0":{"name":"(anonymous_0)","decl":{"start":{"line":11,"column":26},"end":{"line":11,"column":27}},"loc":{"start":{"line":11,"column":35},"end":{"line":17,"column":1}},"line":11},"1":{"name":"(anonymous_1)","decl":{"start":{"line":65,"column":22},"end":{"line":65,"column":23}},"loc":{"start":{"line":65,"column":40},"end":{"line":65,"column":58}},"line":65}},"branchMap":{"0":{"loc":{"start":{"line":12,"column":2},"end":{"line":16,"column":3}},"type":"if","locations":[{"start":{"line":12,"column":2},"end":{"line":16,"column":3}},{"start":{"line":12,"column":2},"end":{"line":16,"column":3}}],"line":12}},"s":{"0":0,"1":0,"2":0,"3":0,"4":0,"5":0,"6":0,"7":0,"8":0,"9":0,"10":0,"11":0},"f":{"0":0,"1":0},"b":{"0":[0,0]},"hash":"ce52bc3db6be67ce223a97a5feae6d836f5ff9d5"}
,"/Users/tom.wilson/Documents/Professional/React/third-clothing/client/src/components/section-item/section-item.component.jsx": {"path":"/Users/tom.wilson/Documents/Professional/React/third-clothing/client/src/components/section-item/section-item.component.jsx","statementMap":{"0":{"start":{"line":15,"column":20},"end":{"line":30,"column":1}},"1":{"start":{"line":16,"column":36},"end":{"line":16,"column":40}},"2":{"start":{"line":18,"column":2},"end":{"line":29,"column":4}},"3":{"start":{"line":25,"column":32},"end":{"line":25,"column":45}},"4":{"start":{"line":32,"column":27},"end":{"line":34,"column":2}},"5":{"start":{"line":32,"column":40},"end":{"line":34,"column":1}},"6":{"start":{"line":33,"column":19},"end":{"line":33,"column":42}}},"fnMap":{"0":{"name":"(anonymous_0)","decl":{"start":{"line":15,"column":20},"end":{"line":15,"column":21}},"loc":{"start":{"line":15,"column":43},"end":{"line":30,"column":1}},"line":15},"1":{"name":"(anonymous_1)","decl":{"start":{"line":25,"column":26},"end":{"line":25,"column":27}},"loc":{"start":{"line":25,"column":32},"end":{"line":25,"column":45}},"line":25},"2":{"name":"(anonymous_2)","decl":{"start":{"line":32,"column":27},"end":{"line":32,"column":28}},"loc":{"start":{"line":32,"column":40},"end":{"line":34,"column":1}},"line":32},"3":{"name":"(anonymous_3)","decl":{"start":{"line":33,"column":11},"end":{"line":33,"column":12}},"loc":{"start":{"line":33,"column":19},"end":{"line":33,"column":42}},"line":33}},"branchMap":{},"s":{"0":0,"1":0,"2":0,"3":0,"4":0,"5":0,"6":0},"f":{"0":0,"1":0,"2":0,"3":0},"b":{},"hash":"a46675f071996e2b9180721232cb696586495999"}
,"/Users/tom.wilson/Documents/Professional/React/third-clothing/client/src/components/section-item/section-item.styles.jsx": {"path":"/Users/tom.wilson/Documents/Professional/React/third-clothing/client/src/components/section-item/section-item.styles.jsx","statementMap":{"0":{"start":{"line":4,"column":36},"end":{"line":33,"column":1}},"1":{"start":{"line":35,"column":25},"end":{"line":55,"column":1}},"2":{"start":{"line":57,"column":31},"end":{"line":64,"column":1}},"3":{"start":{"line":63,"column":40},"end":{"line":63,"column":58}},"4":{"start":{"line":66,"column":38},"end":{"line":72,"column":1}},"5":{"start":{"line":74,"column":29},"end":{"line":77,"column":1}},"6":{"start":{"line":79,"column":30},"end":{"line":82,"column":1}}},"fnMap":{"0":{"name":"(anonymous_0)","decl":{"start":{"line":63,"column":22},"end":{"line":63,"column":23}},"loc":{"start":{"line":63,"column":40},"end":{"line":63,"column":58}},"line":63}},"branchMap":{},"s":{"0":0,"1":0,"2":0,"3":0,"4":0,"5":0,"6":0},"f":{"0":0},"b":{},"hash":"4e536f96a84fac12ecb873c017a740b1c319e312"}
,"/Users/tom.wilson/Documents/Professional/React/third-clothing/client/src/components/section-preview/section-preview.component.jsx": {"path":"/Users/tom.wilson/Documents/Professional/React/third-clothing/client/src/components/section-preview/section-preview.component.jsx","statementMap":{"0":{"start":{"line":12,"column":23},"end":{"line":28,"column":1}},"1":{"start":{"line":13,"column":2},"end":{"line":27,"column":28}},"2":{"start":{"line":21,"column":31},"end":{"line":21,"column":38}},"3":{"start":{"line":23,"column":10},"end":{"line":23,"column":53}}},"fnMap":{"0":{"name":"(anonymous_0)","decl":{"start":{"line":12,"column":23},"end":{"line":12,"column":24}},"loc":{"start":{"line":13,"column":2},"end":{"line":27,"column":28}},"line":13},"1":{"name":"(anonymous_1)","decl":{"start":{"line":21,"column":16},"end":{"line":21,"column":17}},"loc":{"start":{"line":21,"column":31},"end":{"line":21,"column":38}},"line":21},"2":{"name":"(anonymous_2)","decl":{"start":{"line":22,"column":13},"end":{"line":22,"column":14}},"loc":{"start":{"line":23,"column":10},"end":{"line":23,"column":53}},"line":23}},"branchMap":{},"s":{"0":0,"1":0,"2":0,"3":0},"f":{"0":0,"1":0,"2":0},"b":{},"hash":"02558e2725d682c447d91ab6006b9e48bd4c6fe0"}
,"/Users/tom.wilson/Documents/Professional/React/third-clothing/client/src/components/section-preview/section-preview.styles.jsx": {"path":"/Users/tom.wilson/Documents/Professional/React/third-clothing/client/src/components/section-preview/section-preview.styles.jsx","statementMap":{"0":{"start":{"line":4,"column":39},"end":{"line":11,"column":1}},"1":{"start":{"line":13,"column":35},"end":{"line":24,"column":1}},"2":{"start":{"line":26,"column":35},"end":{"line":40,"column":1}}},"fnMap":{},"branchMap":{},"s":{"0":0,"1":0,"2":0},"f":{},"b":{},"hash":"344c1f147729d865499875a719489cf99780c632"}
,"/Users/tom.wilson/Documents/Professional/React/third-clothing/client/src/components/sections-overview/sections-overview.component.jsx": {"path":"/Users/tom.wilson/Documents/Professional/React/third-clothing/client/src/components/sections-overview/sections-overview.component.jsx","statementMap":{"0":{"start":{"line":10,"column":25},"end":{"line":16,"column":1}},"1":{"start":{"line":11,"column":2},"end":{"line":15,"column":8}},"2":{"start":{"line":13,"column":6},"end":{"line":13,"column":56}},"3":{"start":{"line":18,"column":24},"end":{"line":20,"column":2}}},"fnMap":{"0":{"name":"(anonymous_0)","decl":{"start":{"line":10,"column":25},"end":{"line":10,"column":26}},"loc":{"start":{"line":11,"column":2},"end":{"line":15,"column":8}},"line":11},"1":{"name":"(anonymous_1)","decl":{"start":{"line":12,"column":18},"end":{"line":12,"column":19}},"loc":{"start":{"line":13,"column":6},"end":{"line":13,"column":56}},"line":13}},"branchMap":{},"s":{"0":0,"1":0,"2":0,"3":0},"f":{"0":0,"1":0},"b":{},"hash":"8c21d72625e167915219047ab3b7143a1c7d69d7"}
,"/Users/tom.wilson/Documents/Professional/React/third-clothing/client/src/components/sections-overview/sections-overview.container.jsx": {"path":"/Users/tom.wilson/Documents/Professional/React/third-clothing/client/src/components/sections-overview/sections-overview.container.jsx","statementMap":{"0":{"start":{"line":9,"column":24},"end":{"line":11,"column":2}},"1":{"start":{"line":13,"column":34},"end":{"line":16,"column":19}}},"fnMap":{},"branchMap":{},"s":{"0":0,"1":0},"f":{},"b":{},"hash":"d77d2d52681ae4bffb6772df9b94a3826164a9b9"}
,"/Users/tom.wilson/Documents/Professional/React/third-clothing/client/src/components/sign-in/sign-in.component.jsx": {"path":"/Users/tom.wilson/Documents/Professional/React/third-clothing/client/src/components/sign-in/sign-in.component.jsx","statementMap":{"0":{"start":{"line":18,"column":15},"end":{"line":75,"column":1}},"1":{"start":{"line":19,"column":50},"end":{"line":22,"column":4}},"2":{"start":{"line":23,"column":30},"end":{"line":23,"column":45}},"3":{"start":{"line":25,"column":23},"end":{"line":29,"column":3}},"4":{"start":{"line":26,"column":4},"end":{"line":26,"column":27}},"5":{"start":{"line":28,"column":4},"end":{"line":28,"column":40}},"6":{"start":{"line":31,"column":23},"end":{"line":38,"column":3}},"7":{"start":{"line":32,"column":28},"end":{"line":32,"column":40}},"8":{"start":{"line":34,"column":4},"end":{"line":37,"column":7}},"9":{"start":{"line":40,"column":2},"end":{"line":74,"column":4}},"10":{"start":{"line":77,"column":27},"end":{"line":80,"column":2}},"11":{"start":{"line":77,"column":40},"end":{"line":80,"column":1}},"12":{"start":{"line":78,"column":27},"end":{"line":78,"column":58}},"13":{"start":{"line":79,"column":41},"end":{"line":79,"column":90}}},"fnMap":{"0":{"name":"(anonymous_0)","decl":{"start":{"line":18,"column":15},"end":{"line":18,"column":16}},"loc":{"start":{"line":18,"column":60},"end":{"line":75,"column":1}},"line":18},"1":{"name":"(anonymous_1)","decl":{"start":{"line":25,"column":23},"end":{"line":25,"column":24}},"loc":{"start":{"line":25,"column":38},"end":{"line":29,"column":3}},"line":25},"2":{"name":"(anonymous_2)","decl":{"start":{"line":31,"column":23},"end":{"line":31,"column":24}},"loc":{"start":{"line":31,"column":32},"end":{"line":38,"column":3}},"line":31},"3":{"name":"(anonymous_3)","decl":{"start":{"line":77,"column":27},"end":{"line":77,"column":28}},"loc":{"start":{"line":77,"column":40},"end":{"line":80,"column":1}},"line":77},"4":{"name":"(anonymous_4)","decl":{"start":{"line":78,"column":21},"end":{"line":78,"column":22}},"loc":{"start":{"line":78,"column":27},"end":{"line":78,"column":58}},"line":78},"5":{"name":"(anonymous_5)","decl":{"start":{"line":79,"column":20},"end":{"line":79,"column":21}},"loc":{"start":{"line":79,"column":41},"end":{"line":79,"column":90}},"line":79}},"branchMap":{},"s":{"0":0,"1":0,"2":0,"3":0,"4":0,"5":0,"6":0,"7":0,"8":0,"9":0,"10":0,"11":0,"12":0,"13":0},"f":{"0":0,"1":0,"2":0,"3":0,"4":0,"5":0},"b":{},"hash":"7774304833ac04a5c0f3ddf50b3a862c58622d5c"}
,"/Users/tom.wilson/Documents/Professional/React/third-clothing/client/src/components/sign-in/sign-in.styles.jsx": {"path":"/Users/tom.wilson/Documents/Professional/React/third-clothing/client/src/components/sign-in/sign-in.styles.jsx","statementMap":{"0":{"start":{"line":3,"column":31},"end":{"line":13,"column":1}},"1":{"start":{"line":15,"column":27},"end":{"line":17,"column":1}},"2":{"start":{"line":19,"column":38},"end":{"line":22,"column":1}}},"fnMap":{},"branchMap":{},"s":{"0":0,"1":0,"2":0},"f":{},"b":{},"hash":"428763e552dc3c9bf1c5da0668b346440b0b272e"}
,"/Users/tom.wilson/Documents/Professional/React/third-clothing/client/src/components/sign-up/sign-up.component.jsx": {"path":"/Users/tom.wilson/Documents/Professional/React/third-clothing/client/src/components/sign-up/sign-up.component.jsx","statementMap":{"0":{"start":{"line":10,"column":15},"end":{"line":88,"column":1}},"1":{"start":{"line":11,"column":50},"end":{"line":16,"column":4}},"2":{"start":{"line":22,"column":6},"end":{"line":22,"column":21}},"3":{"start":{"line":24,"column":23},"end":{"line":32,"column":5}},"4":{"start":{"line":25,"column":6},"end":{"line":25,"column":29}},"5":{"start":{"line":26,"column":6},"end":{"line":29,"column":7}},"6":{"start":{"line":27,"column":8},"end":{"line":27,"column":39}},"7":{"start":{"line":28,"column":8},"end":{"line":28,"column":15}},"8":{"start":{"line":31,"column":6},"end":{"line":31,"column":52}},"9":{"start":{"line":34,"column":23},"end":{"line":42,"column":3}},"10":{"start":{"line":35,"column":28},"end":{"line":35,"column":40}},"11":{"start":{"line":37,"column":4},"end":{"line":37,"column":37}},"12":{"start":{"line":38,"column":4},"end":{"line":41,"column":6}},"13":{"start":{"line":44,"column":2},"end":{"line":87,"column":3}},"14":{"start":{"line":90,"column":27},"end":{"line":92,"column":2}},"15":{"start":{"line":90,"column":40},"end":{"line":92,"column":1}},"16":{"start":{"line":91,"column":34},"end":{"line":91,"column":76}}},"fnMap":{"0":{"name":"(anonymous_0)","decl":{"start":{"line":10,"column":15},"end":{"line":10,"column":16}},"loc":{"start":{"line":10,"column":36},"end":{"line":88,"column":1}},"line":10},"1":{"name":"(anonymous_1)","decl":{"start":{"line":24,"column":23},"end":{"line":24,"column":24}},"loc":{"start":{"line":24,"column":42},"end":{"line":32,"column":5}},"line":24},"2":{"name":"(anonymous_2)","decl":{"start":{"line":34,"column":23},"end":{"line":34,"column":24}},"loc":{"start":{"line":34,"column":32},"end":{"line":42,"column":3}},"line":34},"3":{"name":"(anonymous_3)","decl":{"start":{"line":90,"column":27},"end":{"line":90,"column":28}},"loc":{"start":{"line":90,"column":40},"end":{"line":92,"column":1}},"line":90},"4":{"name":"(anonymous_4)","decl":{"start":{"line":91,"column":15},"end":{"line":91,"column":16}},"loc":{"start":{"line":91,"column":34},"end":{"line":91,"column":76}},"line":91}},"branchMap":{"0":{"loc":{"start":{"line":26,"column":6},"end":{"line":29,"column":7}},"type":"if","locations":[{"start":{"line":26,"column":6},"end":{"line":29,"column":7}},{"start":{"line":26,"column":6},"end":{"line":29,"column":7}}],"line":26}},"s":{"0":0,"1":0,"2":0,"3":0,"4":0,"5":0,"6":0,"7":0,"8":0,"9":0,"10":0,"11":0,"12":0,"13":0,"14":0,"15":0,"16":0},"f":{"0":0,"1":0,"2":0,"3":0,"4":0},"b":{"0":[0,0]},"hash":"4f6466b1483d748f37f0dc08b7f8f6c16e3ea1f4"}
,"/Users/tom.wilson/Documents/Professional/React/third-clothing/client/src/components/sign-up/sign-up.styles.jsx": {"path":"/Users/tom.wilson/Documents/Professional/React/third-clothing/client/src/components/sign-up/sign-up.styles.jsx","statementMap":{"0":{"start":{"line":3,"column":31},"end":{"line":13,"column":1}},"1":{"start":{"line":15,"column":27},"end":{"line":17,"column":1}}},"fnMap":{},"branchMap":{},"s":{"0":0,"1":0},"f":{},"b":{},"hash":"e8d1feefca0b50f695c13d94863b05b0d5e257e5"}
,"/Users/tom.wilson/Documents/Professional/React/third-clothing/client/src/components/spinner/spinner.component.jsx": {"path":"/Users/tom.wilson/Documents/Professional/React/third-clothing/client/src/components/spinner/spinner.component.jsx","statementMap":{"0":{"start":{"line":5,"column":16},"end":{"line":9,"column":1}},"1":{"start":{"line":6,"column":2},"end":{"line":8,"column":19}}},"fnMap":{"0":{"name":"(anonymous_0)","decl":{"start":{"line":5,"column":16},"end":{"line":5,"column":17}},"loc":{"start":{"line":6,"column":2},"end":{"line":8,"column":19}},"line":6}},"branchMap":{},"s":{"0":0,"1":0},"f":{"0":0},"b":{},"hash":"2382c9ffe5adef07bd727984b1475772c8bea72f"}
,"/Users/tom.wilson/Documents/Professional/React/third-clothing/client/src/components/spinner/spinner.styles.jsx": {"path":"/Users/tom.wilson/Documents/Professional/React/third-clothing/client/src/components/spinner/spinner.styles.jsx","statementMap":{"0":{"start":{"line":3,"column":30},"end":{"line":9,"column":1}},"1":{"start":{"line":11,"column":32},"end":{"line":31,"column":1}}},"fnMap":{},"branchMap":{},"s":{"0":0,"1":0},"f":{},"b":{},"hash":"eeec5d7fdae26b5848c848f325a9c824287bb6fd"}
,"/Users/tom.wilson/Documents/Professional/React/third-clothing/client/src/components/stripe-button/stripe-button.component.jsx": {"path":"/Users/tom.wilson/Documents/Professional/React/third-clothing/client/src/components/stripe-button/stripe-button.component.jsx","statementMap":{"0":{"start":{"line":10,"column":29},"end":{"line":49,"column":1}},"1":{"start":{"line":11,"column":25},"end":{"line":11,"column":36}},"2":{"start":{"line":12,"column":25},"end":{"line":12,"column":69}},"3":{"start":{"line":14,"column":18},"end":{"line":33,"column":3}},"4":{"start":{"line":15,"column":4},"end":{"line":32,"column":8}},"5":{"start":{"line":24,"column":8},"end":{"line":24,"column":23}},"6":{"start":{"line":25,"column":8},"end":{"line":25,"column":37}},"7":{"start":{"line":28,"column":8},"end":{"line":28,"column":48}},"8":{"start":{"line":29,"column":8},"end":{"line":31,"column":9}},"9":{"start":{"line":35,"column":2},"end":{"line":48,"column":3}},"10":{"start":{"line":51,"column":27},"end":{"line":54,"column":2}},"11":{"start":{"line":51,"column":40},"end":{"line":54,"column":1}},"12":{"start":{"line":52,"column":19},"end":{"line":52,"column":42}},"13":{"start":{"line":53,"column":22},"end":{"line":53,"column":48}}},"fnMap":{"0":{"name":"(anonymous_0)","decl":{"start":{"line":10,"column":29},"end":{"line":10,"column":30}},"loc":{"start":{"line":10,"column":71},"end":{"line":49,"column":1}},"line":10},"1":{"name":"(anonymous_1)","decl":{"start":{"line":14,"column":18},"end":{"line":14,"column":19}},"loc":{"start":{"line":14,"column":27},"end":{"line":33,"column":3}},"line":14},"2":{"name":"(anonymous_2)","decl":{"start":{"line":23,"column":12},"end":{"line":23,"column":13}},"loc":{"start":{"line":23,"column":24},"end":{"line":26,"column":7}},"line":23},"3":{"name":"(anonymous_3)","decl":{"start":{"line":27,"column":14},"end":{"line":27,"column":15}},"loc":{"start":{"line":27,"column":23},"end":{"line":32,"column":7}},"line":27},"4":{"name":"(anonymous_4)","decl":{"start":{"line":51,"column":27},"end":{"line":51,"column":28}},"loc":{"start":{"line":51,"column":40},"end":{"line":54,"column":1}},"line":51},"5":{"name":"(anonymous_5)","decl":{"start":{"line":52,"column":13},"end":{"line":52,"column":14}},"loc":{"start":{"line":52,"column":19},"end":{"line":52,"column":42}},"line":52},"6":{"name":"(anonymous_6)","decl":{"start":{"line":53,"column":16},"end":{"line":53,"column":17}},"loc":{"start":{"line":53,"column":22},"end":{"line":53,"column":48}},"line":53}},"branchMap":{},"s":{"0":0,"1":0,"2":0,"3":0,"4":0,"5":0,"6":0,"7":0,"8":0,"9":0,"10":0,"11":0,"12":0,"13":0},"f":{"0":0,"1":0,"2":0,"3":0,"4":0,"5":0,"6":0},"b":{},"hash":"1a3c9989cf59b1e4a3122cb6784680cfa6ace442"}
,"/Users/tom.wilson/Documents/Professional/React/third-clothing/client/src/components/with-spinner/with-spinner.component.jsx": {"path":"/Users/tom.wilson/Documents/Professional/React/third-clothing/client/src/components/with-spinner/with-spinner.component.jsx","statementMap":{"0":{"start":{"line":5,"column":20},"end":{"line":11,"column":1}},"1":{"start":{"line":5,"column":40},"end":{"line":11,"column":1}},"2":{"start":{"line":6,"column":2},"end":{"line":10,"column":4}}},"fnMap":{"0":{"name":"(anonymous_0)","decl":{"start":{"line":5,"column":20},"end":{"line":5,"column":21}},"loc":{"start":{"line":5,"column":40},"end":{"line":11,"column":1}},"line":5},"1":{"name":"(anonymous_1)","decl":{"start":{"line":5,"column":40},"end":{"line":5,"column":41}},"loc":{"start":{"line":5,"column":74},"end":{"line":11,"column":1}},"line":5}},"branchMap":{"0":{"loc":{"start":{"line":6,"column":9},"end":{"line":10,"column":3}},"type":"cond-expr","locations":[{"start":{"line":7,"column":4},"end":{"line":7,"column":15}},{"start":{"line":9,"column":4},"end":{"line":9,"column":40}}],"line":6}},"s":{"0":0,"1":0,"2":0},"f":{"0":0,"1":0},"b":{"0":[0,0]},"hash":"a68948d799a71b2e1e0129bdc09ba5141ead7608"}
,"/Users/tom.wilson/Documents/Professional/React/third-clothing/client/src/firebase/firebase.utils.js": {"path":"/Users/tom.wilson/Documents/Professional/React/third-clothing/client/src/firebase/firebase.utils.js","statementMap":{"0":{"start":{"line":5,"column":15},"end":{"line":14,"column":1}},"1":{"start":{"line":16,"column":0},"end":{"line":16,"column":31}},"2":{"start":{"line":18,"column":41},"end":{"line":41,"column":1}},"3":{"start":{"line":19,"column":2},"end":{"line":19,"column":24}},"4":{"start":{"line":19,"column":17},"end":{"line":19,"column":24}},"5":{"start":{"line":21,"column":18},"end":{"line":21,"column":56}},"6":{"start":{"line":23,"column":19},"end":{"line":23,"column":38}},"7":{"start":{"line":25,"column":2},"end":{"line":38,"column":3}},"8":{"start":{"line":26,"column":35},"end":{"line":26,"column":43}},"9":{"start":{"line":27,"column":22},"end":{"line":27,"column":32}},"10":{"start":{"line":28,"column":4},"end":{"line":37,"column":5}},"11":{"start":{"line":29,"column":6},"end":{"line":34,"column":9}},"12":{"start":{"line":36,"column":6},"end":{"line":36,"column":56}},"13":{"start":{"line":40,"column":2},"end":{"line":40,"column":17}},"14":{"start":{"line":43,"column":41},"end":{"line":53,"column":1}},"15":{"start":{"line":44,"column":24},"end":{"line":44,"column":67}},"16":{"start":{"line":46,"column":16},"end":{"line":46,"column":33}},"17":{"start":{"line":47,"column":2},"end":{"line":50,"column":5}},"18":{"start":{"line":48,"column":22},"end":{"line":48,"column":41}},"19":{"start":{"line":49,"column":4},"end":{"line":49,"column":30}},"20":{"start":{"line":52,"column":2},"end":{"line":52,"column":30}},"21":{"start":{"line":55,"column":46},"end":{"line":77,"column":1}},"22":{"start":{"line":57,"column":32},"end":{"line":57,"column":34}},"23":{"start":{"line":58,"column":2},"end":{"line":70,"column":5}},"24":{"start":{"line":59,"column":62},"end":{"line":59,"column":72}},"25":{"start":{"line":61,"column":4},"end":{"line":68,"column":6}},"26":{"start":{"line":69,"column":4},"end":{"line":69,"column":33}},"27":{"start":{"line":72,"column":2},"end":{"line":76,"column":8}},"28":{"start":{"line":74,"column":4},"end":{"line":74,"column":63}},"29":{"start":{"line":75,"column":4},"end":{"line":75,"column":22}},"30":{"start":{"line":79,"column":43},"end":{"line":97,"column":1}},"31":{"start":{"line":80,"column":35},"end":{"line":91,"column":6}},"32":{"start":{"line":81,"column":64},"end":{"line":81,"column":74}},"33":{"start":{"line":83,"column":6},"end":{"line":90,"column":8}},"34":{"start":{"line":93,"column":4},"end":{"line":96,"column":11}},"35":{"start":{"line":94,"column":6},"end":{"line":94,"column":63}},"36":{"start":{"line":95,"column":6},"end":{"line":95,"column":25}},"37":{"start":{"line":99,"column":30},"end":{"line":106,"column":1}},"38":{"start":{"line":100,"column":2},"end":{"line":105,"column":5}},"39":{"start":{"line":101,"column":24},"end":{"line":104,"column":14}},"40":{"start":{"line":102,"column":6},"end":{"line":102,"column":20}},"41":{"start":{"line":103,"column":6},"end":{"line":103,"column":26}},"42":{"start":{"line":108,"column":30},"end":{"line":118,"column":1}},"43":{"start":{"line":109,"column":18},"end":{"line":109,"column":63}},"44":{"start":{"line":110,"column":19},"end":{"line":110,"column":38}},"45":{"start":{"line":112,"column":2},"end":{"line":117,"column":3}},"46":{"start":{"line":113,"column":23},"end":{"line":113,"column":50}},"47":{"start":{"line":114,"column":4},"end":{"line":114,"column":22}},"48":{"start":{"line":116,"column":4},"end":{"line":116,"column":24}},"49":{"start":{"line":120,"column":27},"end":{"line":128,"column":1}},"50":{"start":{"line":121,"column":18},"end":{"line":121,"column":63}},"51":{"start":{"line":122,"column":21},"end":{"line":122,"column":58}},"52":{"start":{"line":123,"column":2},"end":{"line":123,"column":62}},"53":{"start":{"line":124,"column":2},"end":{"line":126,"column":21}},"54":{"start":{"line":127,"column":2},"end":{"line":127,"column":20}},"55":{"start":{"line":130,"column":20},"end":{"line":130,"column":35}},"56":{"start":{"line":131,"column":25},"end":{"line":131,"column":45}},"57":{"start":{"line":133,"column":30},"end":{"line":133,"column":68}},"58":{"start":{"line":134,"column":0},"end":{"line":134,"column":65}},"59":{"start":{"line":135,"column":32},"end":{"line":135,"column":76}},"60":{"start":{"line":135,"column":38},"end":{"line":135,"column":76}}},"fnMap":{"0":{"name":"(anonymous_0)","decl":{"start":{"line":18,"column":41},"end":{"line":18,"column":42}},"loc":{"start":{"line":18,"column":78},"end":{"line":41,"column":1}},"line":18},"1":{"name":"(anonymous_1)","decl":{"start":{"line":43,"column":41},"end":{"line":43,"column":42}},"loc":{"start":{"line":43,"column":82},"end":{"line":53,"column":1}},"line":43},"2":{"name":"(anonymous_2)","decl":{"start":{"line":47,"column":23},"end":{"line":47,"column":24}},"loc":{"start":{"line":47,"column":30},"end":{"line":50,"column":3}},"line":47},"3":{"name":"(anonymous_3)","decl":{"start":{"line":55,"column":46},"end":{"line":55,"column":47}},"loc":{"start":{"line":55,"column":60},"end":{"line":77,"column":1}},"line":55},"4":{"name":"(anonymous_4)","decl":{"start":{"line":58,"column":23},"end":{"line":58,"column":24}},"loc":{"start":{"line":58,"column":30},"end":{"line":70,"column":3}},"line":58},"5":{"name":"(anonymous_5)","decl":{"start":{"line":73,"column":10},"end":{"line":73,"column":11}},"loc":{"start":{"line":73,"column":41},"end":{"line":76,"column":3}},"line":73},"6":{"name":"(anonymous_6)","decl":{"start":{"line":79,"column":43},"end":{"line":79,"column":44}},"loc":{"start":{"line":79,"column":58},"end":{"line":97,"column":1}},"line":79},"7":{"name":"(anonymous_7)","decl":{"start":{"line":80,"column":56},"end":{"line":80,"column":57}},"loc":{"start":{"line":80,"column":63},"end":{"line":91,"column":5}},"line":80},"8":{"name":"(anonymous_8)","decl":{"start":{"line":93,"column":41},"end":{"line":93,"column":42}},"loc":{"start":{"line":93,"column":70},"end":{"line":96,"column":5}},"line":93},"9":{"name":"(anonymous_9)","decl":{"start":{"line":99,"column":30},"end":{"line":99,"column":31}},"loc":{"start":{"line":99,"column":36},"end":{"line":106,"column":1}},"line":99},"10":{"name":"(anonymous_10)","decl":{"start":{"line":100,"column":21},"end":{"line":100,"column":22}},"loc":{"start":{"line":100,"column":42},"end":{"line":105,"column":3}},"line":100},"11":{"name":"(anonymous_11)","decl":{"start":{"line":101,"column":49},"end":{"line":101,"column":50}},"loc":{"start":{"line":101,"column":61},"end":{"line":104,"column":5}},"line":101},"12":{"name":"(anonymous_12)","decl":{"start":{"line":108,"column":30},"end":{"line":108,"column":31}},"loc":{"start":{"line":108,"column":58},"end":{"line":118,"column":1}},"line":108},"13":{"name":"(anonymous_13)","decl":{"start":{"line":120,"column":27},"end":{"line":120,"column":28}},"loc":{"start":{"line":120,"column":47},"end":{"line":128,"column":1}},"line":120},"14":{"name":"(anonymous_14)","decl":{"start":{"line":135,"column":32},"end":{"line":135,"column":33}},"loc":{"start":{"line":135,"column":38},"end":{"line":135,"column":76}},"line":135}},"branchMap":{"0":{"loc":{"start":{"line":19,"column":2},"end":{"line":19,"column":24}},"type":"if","locations":[{"start":{"line":19,"column":2},"end":{"line":19,"column":24}},{"start":{"line":19,"column":2},"end":{"line":19,"column":24}}],"line":19},"1":{"loc":{"start":{"line":25,"column":2},"end":{"line":38,"column":3}},"type":"if","locations":[{"start":{"line":25,"column":2},"end":{"line":38,"column":3}},{"start":{"line":25,"column":2},"end":{"line":38,"column":3}}],"line":25},"2":{"loc":{"start":{"line":112,"column":2},"end":{"line":117,"column":3}},"type":"if","locations":[{"start":{"line":112,"column":2},"end":{"line":117,"column":3}},{"start":{"line":112,"column":2},"end":{"line":117,"column":3}}],"line":112}},"s":{"0":0,"1":0,"2":0,"3":0,"4":0,"5":0,"6":0,"7":0,"8":0,"9":0,"10":0,"11":0,"12":0,"13":0,"14":0,"15":0,"16":0,"17":0,"18":0,"19":0,"20":0,"21":0,"22":0,"23":0,"24":0,"25":0,"26":0,"27":0,"28":0,"29":0,"30":0,"31":0,"32":0,"33":0,"34":0,"35":0,"36":0,"37":0,"38":0,"39":0,"40":0,"41":0,"42":0,"43":0,"44":0,"45":0,"46":0,"47":0,"48":0,"49":0,"50":0,"51":0,"52":0,"53":0,"54":0,"55":0,"56":0,"57":0,"58":0,"59":0,"60":0},"f":{"0":0,"1":0,"2":0,"3":0,"4":0,"5":0,"6":0,"7":0,"8":0,"9":0,"10":0,"11":0,"12":0,"13":0,"14":0},"b":{"0":[0,0],"1":[0,0],"2":[0,0]},"hash":"e12b8300a00488e42e91326b4739a5b72d5a156e"}
,"/Users/tom.wilson/Documents/Professional/React/third-clothing/client/src/icons/email.icon.jsx": {"path":"/Users/tom.wilson/Documents/Professional/React/third-clothing/client/src/icons/email.icon.jsx","statementMap":{"0":{"start":{"line":3,"column":12},"end":{"line":22,"column":1}},"1":{"start":{"line":10,"column":2},"end":{"line":21,"column":8}}},"fnMap":{"0":{"name":"(anonymous_0)","decl":{"start":{"line":3,"column":12},"end":{"line":3,"column":13}},"loc":{"start":{"line":10,"column":2},"end":{"line":21,"column":8}},"line":10}},"branchMap":{"0":{"loc":{"start":{"line":4,"column":2},"end":{"line":4,"column":12}},"type":"default-arg","locations":[{"start":{"line":4,"column":10},"end":{"line":4,"column":12}}],"line":4},"1":{"loc":{"start":{"line":5,"column":2},"end":{"line":5,"column":15}},"type":"default-arg","locations":[{"start":{"line":5,"column":9},"end":{"line":5,"column":15}}],"line":5},"2":{"loc":{"start":{"line":6,"column":2},"end":{"line":6,"column":16}},"type":"default-arg","locations":[{"start":{"line":6,"column":10},"end":{"line":6,"column":16}}],"line":6},"3":{"loc":{"start":{"line":7,"column":2},"end":{"line":7,"column":19}},"type":"default-arg","locations":[{"start":{"line":7,"column":7},"end":{"line":7,"column":19}}],"line":7},"4":{"loc":{"start":{"line":8,"column":2},"end":{"line":8,"column":31}},"type":"default-arg","locations":[{"start":{"line":8,"column":12},"end":{"line":8,"column":31}}],"line":8}},"s":{"0":2,"1":0},"f":{"0":0},"b":{"0":[0],"1":[0],"2":[0],"3":[0],"4":[0]},"_coverageSchema":"43e27e138ebf9cfc5966b082cf9a028302ed4184","hash":"85c4a122cf1910301191c92dd0b3e015f21d0e98"}
,"/Users/tom.wilson/Documents/Professional/React/third-clothing/client/src/icons/github.icon.jsx": {"path":"/Users/tom.wilson/Documents/Professional/React/third-clothing/client/src/icons/github.icon.jsx","statementMap":{"0":{"start":{"line":3,"column":12},"end":{"line":40,"column":1}},"1":{"start":{"line":10,"column":1},"end":{"line":39,"column":7}}},"fnMap":{"0":{"name":"(anonymous_0)","decl":{"start":{"line":3,"column":12},"end":{"line":3,"column":13}},"loc":{"start":{"line":10,"column":1},"end":{"line":39,"column":7}},"line":10}},"branchMap":{"0":{"loc":{"start":{"line":4,"column":2},"end":{"line":4,"column":12}},"type":"default-arg","locations":[{"start":{"line":4,"column":10},"end":{"line":4,"column":12}}],"line":4},"1":{"loc":{"start":{"line":5,"column":2},"end":{"line":5,"column":15}},"type":"default-arg","locations":[{"start":{"line":5,"column":9},"end":{"line":5,"column":15}}],"line":5},"2":{"loc":{"start":{"line":6,"column":2},"end":{"line":6,"column":16}},"type":"default-arg","locations":[{"start":{"line":6,"column":10},"end":{"line":6,"column":16}}],"line":6},"3":{"loc":{"start":{"line":7,"column":2},"end":{"line":7,"column":20}},"type":"default-arg","locations":[{"start":{"line":7,"column":7},"end":{"line":7,"column":20}}],"line":7},"4":{"loc":{"start":{"line":8,"column":2},"end":{"line":8,"column":23}},"type":"default-arg","locations":[{"start":{"line":8,"column":12},"end":{"line":8,"column":23}}],"line":8}},"s":{"0":2,"1":0},"f":{"0":0},"b":{"0":[0],"1":[0],"2":[0],"3":[0],"4":[0]},"_coverageSchema":"43e27e138ebf9cfc5966b082cf9a028302ed4184","hash":"2ff96ced9f821ea25488dbfb2a30c3d98ca521c0"}
,"/Users/tom.wilson/Documents/Professional/React/third-clothing/client/src/icons/horn.icon.jsx": {"path":"/Users/tom.wilson/Documents/Professional/React/third-clothing/client/src/icons/horn.icon.jsx","statementMap":{"0":{"start":{"line":3,"column":12},"end":{"line":48,"column":1}},"1":{"start":{"line":10,"column":2},"end":{"line":47,"column":7}}},"fnMap":{"0":{"name":"(anonymous_0)","decl":{"start":{"line":3,"column":12},"end":{"line":3,"column":13}},"loc":{"start":{"line":10,"column":2},"end":{"line":47,"column":7}},"line":10}},"branchMap":{"0":{"loc":{"start":{"line":4,"column":2},"end":{"line":4,"column":12}},"type":"default-arg","locations":[{"start":{"line":4,"column":10},"end":{"line":4,"column":12}}],"line":4},"1":{"loc":{"start":{"line":5,"column":2},"end":{"line":5,"column":15}},"type":"default-arg","locations":[{"start":{"line":5,"column":9},"end":{"line":5,"column":15}}],"line":5},"2":{"loc":{"start":{"line":6,"column":2},"end":{"line":6,"column":16}},"type":"default-arg","locations":[{"start":{"line":6,"column":10},"end":{"line":6,"column":16}}],"line":6},"3":{"loc":{"start":{"line":7,"column":2},"end":{"line":7,"column":18}},"type":"default-arg","locations":[{"start":{"line":7,"column":7},"end":{"line":7,"column":18}}],"line":7},"4":{"loc":{"start":{"line":8,"column":2},"end":{"line":8,"column":31}},"type":"default-arg","locations":[{"start":{"line":8,"column":12},"end":{"line":8,"column":31}}],"line":8}},"s":{"0":2,"1":0},"f":{"0":0},"b":{"0":[0],"1":[0],"2":[0],"3":[0],"4":[0]},"_coverageSchema":"43e27e138ebf9cfc5966b082cf9a028302ed4184","hash":"8335340ef194e6f7db6496c6b7dace8bdbb7ca7e"}
,"/Users/tom.wilson/Documents/Professional/React/third-clothing/client/src/icons/icon.index.js": {"path":"/Users/tom.wilson/Documents/Professional/React/third-clothing/client/src/icons/icon.index.js","statementMap":{"0":{"start":{"line":8,"column":13},"end":{"line":23,"column":1}},"1":{"start":{"line":9,"column":2},"end":{"line":22,"column":3}},"2":{"start":{"line":11,"column":6},"end":{"line":11,"column":33}},"3":{"start":{"line":13,"column":6},"end":{"line":13,"column":40}},"4":{"start":{"line":15,"column":6},"end":{"line":15,"column":34}},"5":{"start":{"line":17,"column":6},"end":{"line":17,"column":37}},"6":{"start":{"line":19,"column":6},"end":{"line":19,"column":35}},"7":{"start":{"line":21,"column":6},"end":{"line":21,"column":21}}},"fnMap":{"0":{"name":"(anonymous_0)","decl":{"start":{"line":8,"column":13},"end":{"line":8,"column":14}},"loc":{"start":{"line":8,"column":22},"end":{"line":23,"column":1}},"line":8}},"branchMap":{"0":{"loc":{"start":{"line":9,"column":2},"end":{"line":22,"column":3}},"type":"switch","locations":[{"start":{"line":10,"column":4},"end":{"line":11,"column":33}},{"start":{"line":12,"column":4},"end":{"line":13,"column":40}},{"start":{"line":14,"column":4},"end":{"line":15,"column":34}},{"start":{"line":16,"column":4},"end":{"line":17,"column":37}},{"start":{"line":18,"column":4},"end":{"line":19,"column":35}},{"start":{"line":20,"column":4},"end":{"line":21,"column":21}}],"line":9}},"s":{"0":2,"1":0,"2":0,"3":0,"4":0,"5":0,"6":0,"7":0},"f":{"0":0},"b":{"0":[0,0,0,0,0,0]},"_coverageSchema":"43e27e138ebf9cfc5966b082cf9a028302ed4184","hash":"090c4c70eeff202f545bfcca5d8c23fbfb8f5b24"}
,"/Users/tom.wilson/Documents/Professional/React/third-clothing/client/src/icons/linkedin.icon.jsx": {"path":"/Users/tom.wilson/Documents/Professional/React/third-clothing/client/src/icons/linkedin.icon.jsx","statementMap":{"0":{"start":{"line":3,"column":12},"end":{"line":24,"column":1}},"1":{"start":{"line":10,"column":1},"end":{"line":23,"column":7}}},"fnMap":{"0":{"name":"(anonymous_0)","decl":{"start":{"line":3,"column":12},"end":{"line":3,"column":13}},"loc":{"start":{"line":10,"column":1},"end":{"line":23,"column":7}},"line":10}},"branchMap":{"0":{"loc":{"start":{"line":4,"column":2},"end":{"line":4,"column":12}},"type":"default-arg","locations":[{"start":{"line":4,"column":10},"end":{"line":4,"column":12}}],"line":4},"1":{"loc":{"start":{"line":5,"column":2},"end":{"line":5,"column":15}},"type":"default-arg","locations":[{"start":{"line":5,"column":9},"end":{"line":5,"column":15}}],"line":5},"2":{"loc":{"start":{"line":6,"column":2},"end":{"line":6,"column":16}},"type":"default-arg","locations":[{"start":{"line":6,"column":10},"end":{"line":6,"column":16}}],"line":6},"3":{"loc":{"start":{"line":7,"column":2},"end":{"line":7,"column":23}},"type":"default-arg","locations":[{"start":{"line":7,"column":12},"end":{"line":7,"column":23}}],"line":7},"4":{"loc":{"start":{"line":8,"column":1},"end":{"line":8,"column":19}},"type":"default-arg","locations":[{"start":{"line":8,"column":4},"end":{"line":8,"column":19}}],"line":8}},"s":{"0":2,"1":0},"f":{"0":0},"b":{"0":[0],"1":[0],"2":[0],"3":[0],"4":[0]},"_coverageSchema":"43e27e138ebf9cfc5966b082cf9a028302ed4184","hash":"2b785e7f9de92072f3d77ef5c03a93c9d78af59f"}
,"/Users/tom.wilson/Documents/Professional/React/third-clothing/client/src/icons/shopping-bag.icon.jsx": {"path":"/Users/tom.wilson/Documents/Professional/React/third-clothing/client/src/icons/shopping-bag.icon.jsx","statementMap":{"0":{"start":{"line":3,"column":12},"end":{"line":24,"column":1}},"1":{"start":{"line":10,"column":1},"end":{"line":23,"column":7}}},"fnMap":{"0":{"name":"(anonymous_0)","decl":{"start":{"line":3,"column":12},"end":{"line":3,"column":13}},"loc":{"start":{"line":10,"column":1},"end":{"line":23,"column":7}},"line":10}},"branchMap":{"0":{"loc":{"start":{"line":4,"column":2},"end":{"line":4,"column":12}},"type":"default-arg","locations":[{"start":{"line":4,"column":10},"end":{"line":4,"column":12}}],"line":4},"1":{"loc":{"start":{"line":5,"column":2},"end":{"line":5,"column":15}},"type":"default-arg","locations":[{"start":{"line":5,"column":9},"end":{"line":5,"column":15}}],"line":5},"2":{"loc":{"start":{"line":6,"column":2},"end":{"line":6,"column":16}},"type":"default-arg","locations":[{"start":{"line":6,"column":10},"end":{"line":6,"column":16}}],"line":6},"3":{"loc":{"start":{"line":7,"column":2},"end":{"line":7,"column":26}},"type":"default-arg","locations":[{"start":{"line":7,"column":7},"end":{"line":7,"column":26}}],"line":7},"4":{"loc":{"start":{"line":8,"column":2},"end":{"line":8,"column":23}},"type":"default-arg","locations":[{"start":{"line":8,"column":12},"end":{"line":8,"column":23}}],"line":8}},"s":{"0":2,"1":0},"f":{"0":0},"b":{"0":[0],"1":[0],"2":[0],"3":[0],"4":[0]},"_coverageSchema":"43e27e138ebf9cfc5966b082cf9a028302ed4184","hash":"832a31d41014f658879c3abf70b88449fe06f46e"}
,"/Users/tom.wilson/Documents/Professional/React/third-clothing/client/src/pages/checkout/checkout.page.jsx": {"path":"/Users/tom.wilson/Documents/Professional/React/third-clothing/client/src/pages/checkout/checkout.page.jsx","statementMap":{"0":{"start":{"line":17,"column":21},"end":{"line":56,"column":1}},"1":{"start":{"line":18,"column":2},"end":{"line":55,"column":3}},"2":{"start":{"line":39,"column":10},"end":{"line":39,"column":68}},"3":{"start":{"line":58,"column":24},"end":{"line":61,"column":2}}},"fnMap":{"0":{"name":"(anonymous_0)","decl":{"start":{"line":17,"column":21},"end":{"line":17,"column":22}},"loc":{"start":{"line":17,"column":51},"end":{"line":56,"column":1}},"line":17},"1":{"name":"(anonymous_1)","decl":{"start":{"line":38,"column":22},"end":{"line":38,"column":23}},"loc":{"start":{"line":39,"column":10},"end":{"line":39,"column":68}},"line":39}},"branchMap":{},"s":{"0":0,"1":0,"2":0,"3":0},"f":{"0":0,"1":0},"b":{},"hash":"dce4b24b2027eed627ed5dc7486b2ddf95146c5d"}
,"/Users/tom.wilson/Documents/Professional/React/third-clothing/client/src/pages/checkout/checkout.styles.jsx": {"path":"/Users/tom.wilson/Documents/Professional/React/third-clothing/client/src/pages/checkout/checkout.styles.jsx","statementMap":{"0":{"start":{"line":3,"column":37},"end":{"line":17,"column":1}},"1":{"start":{"line":19,"column":30},"end":{"line":25,"column":1}},"2":{"start":{"line":27,"column":27},"end":{"line":34,"column":1}},"3":{"start":{"line":36,"column":29},"end":{"line":40,"column":1}},"4":{"start":{"line":42,"column":27},"end":{"line":47,"column":1}}},"fnMap":{},"branchMap":{},"s":{"0":0,"1":0,"2":0,"3":0,"4":0},"f":{},"b":{},"hash":"a683474b8933def5d3f3e262a54b0b8b225f319b"}
[...]
,"/Users/tom.wilson/Documents/Professional/React/third-clothing/client/src/redux/shop/shop.reducer.js": {"path":"/Users/tom.wilson/Documents/Professional/React/third-clothing/client/src/redux/shop/shop.reducer.js","statementMap":{"0":{"start":{"line":3,"column":22},"end":{"line":7,"column":1}},"1":{"start":{"line":9,"column":20},"end":{"line":37,"column":1}},"2":{"start":{"line":10,"column":2},"end":{"line":36,"column":3}},"3":{"start":{"line":13,"column":6},"end":{"line":16,"column":7}},"4":{"start":{"line":18,"column":6},"end":{"line":21,"column":7}},"5":{"start":{"line":23,"column":6},"end":{"line":27,"column":7}},"6":{"start":{"line":29,"column":6},"end":{"line":33,"column":7}},"7":{"start":{"line":35,"column":6},"end":{"line":35,"column":19}}},"fnMap":{"0":{"name":"(anonymous_0)","decl":{"start":{"line":9,"column":20},"end":{"line":9,"column":21}},"loc":{"start":{"line":9,"column":55},"end":{"line":37,"column":1}},"line":9}},"branchMap":{"0":{"loc":{"start":{"line":9,"column":21},"end":{"line":9,"column":42}},"type":"default-arg","locations":[{"start":{"line":9,"column":29},"end":{"line":9,"column":42}}],"line":9},"1":{"loc":{"start":{"line":10,"column":2},"end":{"line":36,"column":3}},"type":"switch","locations":[{"start":{"line":12,"column":4},"end":{"line":16,"column":7}},{"start":{"line":17,"column":4},"end":{"line":21,"column":7}},{"start":{"line":22,"column":4},"end":{"line":27,"column":7}},{"start":{"line":28,"column":4},"end":{"line":33,"column":7}},{"start":{"line":34,"column":4},"end":{"line":35,"column":19}}],"line":10}},"s":{"0":0,"1":0,"2":0,"3":0,"4":0,"5":0,"6":0,"7":0},"f":{"0":0},"b":{"0":[0],"1":[0,0,0,0,0]},"hash":"41f034ffcc8e6ef2110b658a4403f47d8deea12a"}
,"/Users/tom.wilson/Documents/Professional/React/third-clothing/client/src/redux/shop/shop.sagas.js": {"path":"/Users/tom.wilson/Documents/Professional/React/third-clothing/client/src/redux/shop/shop.sagas.js","statementMap":{"0":{"start":{"line":14,"column":2},"end":{"line":24,"column":3}},"1":{"start":{"line":15,"column":23},"end":{"line":15,"column":55}},"2":{"start":{"line":16,"column":21},"end":{"line":16,"column":43}},"3":{"start":{"line":17,"column":24},"end":{"line":20,"column":5}},"4":{"start":{"line":21,"column":4},"end":{"line":21,"column":53}},"5":{"start":{"line":23,"column":4},"end":{"line":23,"column":55}},"6":{"start":{"line":28,"column":2},"end":{"line":31,"column":3}},"7":{"start":{"line":35,"column":2},"end":{"line":37,"column":4}}},"fnMap":{"0":{"name":"fetchSectionsAsync","decl":{"start":{"line":13,"column":17},"end":{"line":13,"column":35}},"loc":{"start":{"line":13,"column":38},"end":{"line":25,"column":1}},"line":13},"1":{"name":"fetchSectionsStart","decl":{"start":{"line":27,"column":17},"end":{"line":27,"column":35}},"loc":{"start":{"line":27,"column":38},"end":{"line":32,"column":1}},"line":27},"2":{"name":"shopSagas","decl":{"start":{"line":34,"column":17},"end":{"line":34,"column":26}},"loc":{"start":{"line":34,"column":29},"end":{"line":38,"column":1}},"line":34}},"branchMap":{},"s":{"0":0,"1":0,"2":0,"3":0,"4":0,"5":0,"6":0,"7":0},"f":{"0":0,"1":0,"2":0},"b":{},"hash":"b6aa533a24fa939fb77afbfb5254ebd76f8f2808"}
,"/Users/tom.wilson/Documents/Professional/React/third-clothing/client/src/redux/shop/shop.selectors.js": {"path":"/Users/tom.wilson/Documents/Professional/React/third-clothing/client/src/redux/shop/shop.selectors.js","statementMap":{"0":{"start":{"line":3,"column":19},"end":{"line":3,"column":38}},"1":{"start":{"line":3,"column":28},"end":{"line":3,"column":38}},"2":{"start":{"line":5,"column":34},"end":{"line":8,"column":1}},"3":{"start":{"line":7,"column":10},"end":{"line":7,"column":23}},"4":{"start":{"line":10,"column":40},"end":{"line":18,"column":1}},"5":{"start":{"line":12,"column":14},"end":{"line":17,"column":6}},"6":{"start":{"line":15,"column":6},"end":{"line":15,"column":19}},"7":{"start":{"line":20,"column":29},"end":{"line":25,"column":1}},"8":{"start":{"line":20,"column":48},"end":{"line":25,"column":1}},"9":{"start":{"line":22,"column":16},"end":{"line":24,"column":8}},"10":{"start":{"line":27,"column":39},"end":{"line":30,"column":1}},"11":{"start":{"line":29,"column":10},"end":{"line":29,"column":25}},"12":{"start":{"line":32,"column":37},"end":{"line":35,"column":1}},"13":{"start":{"line":34,"column":10},"end":{"line":34,"column":25}}},"fnMap":{"0":{"name":"(anonymous_0)","decl":{"start":{"line":3,"column":19},"end":{"line":3,"column":20}},"loc":{"start":{"line":3,"column":28},"end":{"line":3,"column":38}},"line":3},"1":{"name":"(anonymous_1)","decl":{"start":{"line":7,"column":2},"end":{"line":7,"column":3}},"loc":{"start":{"line":7,"column":10},"end":{"line":7,"column":23}},"line":7},"2":{"name":"(anonymous_2)","decl":{"start":{"line":12,"column":2},"end":{"line":12,"column":3}},"loc":{"start":{"line":12,"column":14},"end":{"line":17,"column":6}},"line":12},"3":{"name":"(anonymous_3)","decl":{"start":{"line":14,"column":9},"end":{"line":14,"column":10}},"loc":{"start":{"line":15,"column":6},"end":{"line":15,"column":19}},"line":15},"4":{"name":"(anonymous_4)","decl":{"start":{"line":20,"column":29},"end":{"line":20,"column":30}},"loc":{"start":{"line":20,"column":48},"end":{"line":25,"column":1}},"line":20},"5":{"name":"(anonymous_5)","decl":{"start":{"line":22,"column":2},"end":{"line":22,"column":3}},"loc":{"start":{"line":22,"column":16},"end":{"line":24,"column":8}},"line":22},"6":{"name":"(anonymous_6)","decl":{"start":{"line":29,"column":2},"end":{"line":29,"column":3}},"loc":{"start":{"line":29,"column":10},"end":{"line":29,"column":25}},"line":29},"7":{"name":"(anonymous_7)","decl":{"start":{"line":34,"column":2},"end":{"line":34,"column":3}},"loc":{"start":{"line":34,"column":10},"end":{"line":34,"column":25}},"line":34}},"branchMap":{"0":{"loc":{"start":{"line":12,"column":14},"end":{"line":17,"column":6}},"type":"cond-expr","locations":[{"start":{"line":13,"column":4},"end":{"line":16,"column":5}},{"start":{"line":17,"column":4},"end":{"line":17,"column":6}}],"line":12},"1":{"loc":{"start":{"line":22,"column":16},"end":{"line":24,"column":8}},"type":"cond-expr","locations":[{"start":{"line":23,"column":4},"end":{"line":23,"column":29}},{"start":{"line":24,"column":4},"end":{"line":24,"column":8}}],"line":22}},"s":{"0":0,"1":0,"2":0,"3":0,"4":0,"5":0,"6":0,"7":0,"8":0,"9":0,"10":0,"11":0,"12":0,"13":0},"f":{"0":0,"1":0,"2":0,"3":0,"4":0,"5":0,"6":0,"7":0},"b":{"0":[0,0],"1":[0,0]},"hash":"652010cdbc422f2b40022a4ff67f81560dbe784f"}
,"/Users/tom.wilson/Documents/Professional/React/third-clothing/client/src/redux/shop/shop.types.js": {"path":"/Users/tom.wilson/Documents/Professional/React/third-clothing/client/src/redux/shop/shop.types.js","statementMap":{"0":{"start":{"line":1,"column":24},"end":{"line":5,"column":1}}},"fnMap":{},"branchMap":{},"s":{"0":0},"f":{},"b":{},"hash":"32230ccc8bb7bd712e32f91ba00cd216049ee969"}
,"/Users/tom.wilson/Documents/Professional/React/third-clothing/client/src/redux/user/user.actions.js": {"path":"/Users/tom.wilson/Documents/Professional/React/third-clothing/client/src/redux/user/user.actions.js","statementMap":{"0":{"start":{"line":3,"column":33},"end":{"line":5,"column":2}},"1":{"start":{"line":3,"column":40},"end":{"line":5,"column":1}},"2":{"start":{"line":7,"column":32},"end":{"line":10,"column":2}},"3":{"start":{"line":7,"column":53},"end":{"line":10,"column":1}},"4":{"start":{"line":12,"column":29},"end":{"line":15,"column":2}},"5":{"start":{"line":12,"column":38},"end":{"line":15,"column":1}},"6":{"start":{"line":17,"column":31},"end":{"line":20,"column":2}},"7":{"start":{"line":17,"column":41},"end":{"line":20,"column":1}},"8":{"start":{"line":22,"column":32},"end":{"line":24,"column":2}},"9":{"start":{"line":22,"column":39},"end":{"line":24,"column":1}},"10":{"start":{"line":26,"column":28},"end":{"line":28,"column":2}},"11":{"start":{"line":26,"column":35},"end":{"line":28,"column":1}},"12":{"start":{"line":30,"column":30},"end":{"line":32,"column":2}},"13":{"start":{"line":30,"column":37},"end":{"line":32,"column":1}},"14":{"start":{"line":34,"column":27},"end":{"line":37,"column":2}},"15":{"start":{"line":34,"column":51},"end":{"line":37,"column":1}},"16":{"start":{"line":39,"column":29},"end":{"line":42,"column":2}},"17":{"start":{"line":39,"column":60},"end":{"line":42,"column":1}}},"fnMap":{"0":{"name":"(anonymous_0)","decl":{"start":{"line":3,"column":33},"end":{"line":3,"column":34}},"loc":{"start":{"line":3,"column":40},"end":{"line":5,"column":1}},"line":3},"1":{"name":"(anonymous_1)","decl":{"start":{"line":7,"column":32},"end":{"line":7,"column":33}},"loc":{"start":{"line":7,"column":53},"end":{"line":10,"column":1}},"line":7},"2":{"name":"(anonymous_2)","decl":{"start":{"line":12,"column":29},"end":{"line":12,"column":30}},"loc":{"start":{"line":12,"column":38},"end":{"line":15,"column":1}},"line":12},"3":{"name":"(anonymous_3)","decl":{"start":{"line":17,"column":31},"end":{"line":17,"column":32}},"loc":{"start":{"line":17,"column":41},"end":{"line":20,"column":1}},"line":17},"4":{"name":"(anonymous_4)","decl":{"start":{"line":22,"column":32},"end":{"line":22,"column":33}},"loc":{"start":{"line":22,"column":39},"end":{"line":24,"column":1}},"line":22},"5":{"name":"(anonymous_5)","decl":{"start":{"line":26,"column":28},"end":{"line":26,"column":29}},"loc":{"start":{"line":26,"column":35},"end":{"line":28,"column":1}},"line":26},"6":{"name":"(anonymous_6)","decl":{"start":{"line":30,"column":30},"end":{"line":30,"column":31}},"loc":{"start":{"line":30,"column":37},"end":{"line":32,"column":1}},"line":30},"7":{"name":"(anonymous_7)","decl":{"start":{"line":34,"column":27},"end":{"line":34,"column":28}},"loc":{"start":{"line":34,"column":51},"end":{"line":37,"column":1}},"line":34},"8":{"name":"(anonymous_8)","decl":{"start":{"line":39,"column":29},"end":{"line":39,"column":30}},"loc":{"start":{"line":39,"column":60},"end":{"line":42,"column":1}},"line":39}},"branchMap":{},"s":{"0":0,"1":0,"2":0,"3":0,"4":0,"5":0,"6":0,"7":0,"8":0,"9":0,"10":0,"11":0,"12":0,"13":0,"14":0,"15":0,"16":0,"17":0},"f":{"0":0,"1":0,"2":0,"3":0,"4":0,"5":0,"6":0,"7":0,"8":0},"b":{},"hash":"63ae7d5fd45ba55c47ca703b5d776368717e7250"}
,"/Users/tom.wilson/Documents/Professional/React/third-clothing/client/src/redux/user/user.reducer.js": {"path":"/Users/tom.wilson/Documents/Professional/React/third-clothing/client/src/redux/user/user.reducer.js","statementMap":{"0":{"start":{"line":3,"column":22},"end":{"line":5,"column":1}},"1":{"start":{"line":7,"column":20},"end":{"line":39,"column":1}},"2":{"start":{"line":8,"column":2},"end":{"line":38,"column":3}},"3":{"start":{"line":10,"column":6},"end":{"line":13,"column":8}},"4":{"start":{"line":15,"column":6},"end":{"line":19,"column":8}},"5":{"start":{"line":21,"column":8},"end":{"line":24,"column":9}},"6":{"start":{"line":26,"column":8},"end":{"line":30,"column":9}},"7":{"start":{"line":32,"column":6},"end":{"line":35,"column":8}},"8":{"start":{"line":37,"column":6},"end":{"line":37,"column":19}}},"fnMap":{"0":{"name":"(anonymous_0)","decl":{"start":{"line":7,"column":20},"end":{"line":7,"column":21}},"loc":{"start":{"line":7,"column":56},"end":{"line":39,"column":1}},"line":7}},"branchMap":{"0":{"loc":{"start":{"line":7,"column":21},"end":{"line":7,"column":42}},"type":"default-arg","locations":[{"start":{"line":7,"column":29},"end":{"line":7,"column":42}}],"line":7},"1":{"loc":{"start":{"line":8,"column":2},"end":{"line":38,"column":3}},"type":"switch","locations":[{"start":{"line":9,"column":4},"end":{"line":13,"column":8}},{"start":{"line":14,"column":4},"end":{"line":19,"column":8}},{"start":{"line":20,"column":6},"end":{"line":24,"column":9}},{"start":{"line":25,"column":6},"end":{"line":30,"column":9}},{"start":{"line":31,"column":4},"end":{"line":35,"column":8}},{"start":{"line":36,"column":4},"end":{"line":37,"column":19}}],"line":8}},"s":{"0":0,"1":0,"2":0,"3":0,"4":0,"5":0,"6":0,"7":0,"8":0},"f":{"0":0},"b":{"0":[0],"1":[0,0,0,0,0,0]},"hash":"da1f6dd1b6d74023949fe9b90a28b80a2d6974d4"}
,"/Users/tom.wilson/Documents/Professional/React/third-clothing/client/src/redux/user/user.sagas.js": {"path":"/Users/tom.wilson/Documents/Professional/React/third-clothing/client/src/redux/user/user.sagas.js","statementMap":{"0":{"start":{"line":20,"column":2},"end":{"line":30,"column":3}},"1":{"start":{"line":21,"column":20},"end":{"line":21,"column":85}},"2":{"start":{"line":22,"column":25},"end":{"line":22,"column":44}},"3":{"start":{"line":23,"column":4},"end":{"line":25,"column":5}},"4":{"start":{"line":27,"column":4},"end":{"line":29,"column":5}},"5":{"start":{"line":34,"column":2},"end":{"line":41,"column":3}},"6":{"start":{"line":35,"column":21},"end":{"line":35,"column":65}},"7":{"start":{"line":36,"column":4},"end":{"line":36,"column":42}},"8":{"start":{"line":38,"column":4},"end":{"line":40,"column":5}},"9":{"start":{"line":45,"column":2},"end":{"line":52,"column":3}},"10":{"start":{"line":46,"column":21},"end":{"line":46,"column":77}},"11":{"start":{"line":47,"column":4},"end":{"line":47,"column":42}},"12":{"start":{"line":49,"column":4},"end":{"line":51,"column":5}},"13":{"start":{"line":56,"column":2},"end":{"line":62,"column":3}},"14":{"start":{"line":57,"column":21},"end":{"line":57,"column":43}},"15":{"start":{"line":58,"column":4},"end":{"line":58,"column":27}},"16":{"start":{"line":58,"column":21},"end":{"line":58,"column":27}},"17":{"start":{"line":59,"column":4},"end":{"line":59,"column":46}},"18":{"start":{"line":61,"column":4},"end":{"line":61,"column":40}},"19":{"start":{"line":66,"column":2},"end":{"line":71,"column":3}},"20":{"start":{"line":67,"column":4},"end":{"line":67,"column":25}},"21":{"start":{"line":68,"column":4},"end":{"line":68,"column":33}},"22":{"start":{"line":70,"column":4},"end":{"line":70,"column":29}},"23":{"start":{"line":75,"column":2},"end":{"line":83,"column":3}},"24":{"start":{"line":76,"column":21},"end":{"line":79,"column":5}},"25":{"start":{"line":80,"column":4},"end":{"line":80,"column":71}},"26":{"start":{"line":82,"column":4},"end":{"line":82,"column":42}},"27":{"start":{"line":87,"column":2},"end":{"line":87,"column":56}},"28":{"start":{"line":91,"column":2},"end":{"line":91,"column":76}},"29":{"start":{"line":95,"column":2},"end":{"line":95,"column":74}},"30":{"start":{"line":99,"column":2},"end":{"line":99,"column":77}},"31":{"start":{"line":103,"column":2},"end":{"line":103,"column":61}},"32":{"start":{"line":107,"column":2},"end":{"line":107,"column":59}},"33":{"start":{"line":111,"column":2},"end":{"line":111,"column":72}},"34":{"start":{"line":115,"column":2},"end":{"line":122,"column":4}}},"fnMap":{"0":{"name":"getSnapshotFromUserAuth","decl":{"start":{"line":19,"column":17},"end":{"line":19,"column":40}},"loc":{"start":{"line":19,"column":69},"end":{"line":31,"column":1}},"line":19},"1":{"name":"signInWithGoogle","decl":{"start":{"line":33,"column":17},"end":{"line":33,"column":33}},"loc":{"start":{"line":33,"column":36},"end":{"line":42,"column":1}},"line":33},"2":{"name":"signInWithEmail","decl":{"start":{"line":44,"column":17},"end":{"line":44,"column":32}},"loc":{"start":{"line":44,"column":68},"end":{"line":53,"column":1}},"line":44},"3":{"name":"isUserAuthenticated","decl":{"start":{"line":55,"column":17},"end":{"line":55,"column":36}},"loc":{"start":{"line":55,"column":39},"end":{"line":63,"column":1}},"line":55},"4":{"name":"signOut","decl":{"start":{"line":65,"column":17},"end":{"line":65,"column":24}},"loc":{"start":{"line":65,"column":27},"end":{"line":72,"column":1}},"line":65},"5":{"name":"signUp","decl":{"start":{"line":74,"column":17},"end":{"line":74,"column":23}},"loc":{"start":{"line":74,"column":71},"end":{"line":84,"column":1}},"line":74},"6":{"name":"signInAfterSignUp","decl":{"start":{"line":86,"column":17},"end":{"line":86,"column":34}},"loc":{"start":{"line":86,"column":73},"end":{"line":88,"column":1}},"line":86},"7":{"name":"onGoogleSignInStart","decl":{"start":{"line":90,"column":17},"end":{"line":90,"column":36}},"loc":{"start":{"line":90,"column":39},"end":{"line":92,"column":1}},"line":90},"8":{"name":"onEmailSignInStart","decl":{"start":{"line":94,"column":17},"end":{"line":94,"column":35}},"loc":{"start":{"line":94,"column":38},"end":{"line":96,"column":1}},"line":94},"9":{"name":"onCheckUserSession","decl":{"start":{"line":98,"column":17},"end":{"line":98,"column":35}},"loc":{"start":{"line":98,"column":38},"end":{"line":100,"column":1}},"line":98},"10":{"name":"onSignOutStart","decl":{"start":{"line":102,"column":17},"end":{"line":102,"column":31}},"loc":{"start":{"line":102,"column":34},"end":{"line":104,"column":1}},"line":102},"11":{"name":"onSignUpStart","decl":{"start":{"line":106,"column":17},"end":{"line":106,"column":30}},"loc":{"start":{"line":106,"column":33},"end":{"line":108,"column":1}},"line":106},"12":{"name":"onSignUpSuccess","decl":{"start":{"line":110,"column":17},"end":{"line":110,"column":32}},"loc":{"start":{"line":110,"column":35},"end":{"line":112,"column":1}},"line":110},"13":{"name":"userSagas","decl":{"start":{"line":114,"column":17},"end":{"line":114,"column":26}},"loc":{"start":{"line":114,"column":29},"end":{"line":123,"column":1}},"line":114}},"branchMap":{"0":{"loc":{"start":{"line":58,"column":4},"end":{"line":58,"column":27}},"type":"if","locations":[{"start":{"line":58,"column":4},"end":{"line":58,"column":27}},{"start":{"line":58,"column":4},"end":{"line":58,"column":27}}],"line":58}},"s":{"0":0,"1":0,"2":0,"3":0,"4":0,"5":0,"6":0,"7":0,"8":0,"9":0,"10":0,"11":0,"12":0,"13":0,"14":0,"15":0,"16":0,"17":0,"18":0,"19":0,"20":0,"21":0,"22":0,"23":0,"24":0,"25":0,"26":0,"27":0,"28":0,"29":0,"30":0,"31":0,"32":0,"33":0,"34":0},"f":{"0":0,"1":0,"2":0,"3":0,"4":0,"5":0,"6":0,"7":0,"8":0,"9":0,"10":0,"11":0,"12":0,"13":0},"b":{"0":[0,0]},"hash":"77fd218491b6ffda1eb4b0c89c39848bf870a47e"}
,"/Users/tom.wilson/Documents/Professional/React/third-clothing/client/src/redux/user/user.selectors.js": {"path":"/Users/tom.wilson/Documents/Professional/React/third-clothing/client/src/redux/user/user.selectors.js","statementMap":{"0":{"start":{"line":3,"column":19},"end":{"line":3,"column":38}},"1":{"start":{"line":3,"column":28},"end":{"line":3,"column":38}},"2":{"start":{"line":5,"column":33},"end":{"line":8,"column":1}},"3":{"start":{"line":7,"column":12},"end":{"line":7,"column":28}}},"fnMap":{"0":{"name":"(anonymous_0)","decl":{"start":{"line":3,"column":19},"end":{"line":3,"column":20}},"loc":{"start":{"line":3,"column":28},"end":{"line":3,"column":38}},"line":3},"1":{"name":"(anonymous_1)","decl":{"start":{"line":7,"column":2},"end":{"line":7,"column":3}},"loc":{"start":{"line":7,"column":12},"end":{"line":7,"column":28}},"line":7}},"branchMap":{},"s":{"0":0,"1":0,"2":0,"3":0},"f":{"0":0,"1":0},"b":{},"hash":"200903a199197a1bad46f5e264b759e4b98ed080"}
,"/Users/tom.wilson/Documents/Professional/React/third-clothing/client/src/redux/user/user.types.js": {"path":"/Users/tom.wilson/Documents/Professional/React/third-clothing/client/src/redux/user/user.types.js","statementMap":{"0":{"start":{"line":1,"column":24},"end":{"line":11,"column":1}}},"fnMap":{},"branchMap":{},"s":{"0":0},"f":{},"b":{},"hash":"ad1dd7afa4a06729f430b82518bbad7a34083aa5"}
}
