TN:
SF:/Users/tom.wilson/Documents/Professional/React/third-clothing/client/src/App.js
FN:15,(anonymous_0)
FN:16,(anonymous_1)
FN:17,(anonymous_2)
FN:18,(anonymous_3)
FN:19,(anonymous_4)
FN:21,(anonymous_5)
FN:22,(anonymous_6)
FN:40,(anonymous_7)
FN:59,(anonymous_8)
FN:60,(anonymous_9)
FNF:10
FNH:0
FNDA:0,(anonymous_0)
FNDA:0,(anonymous_1)
FNDA:0,(anonymous_2)
FNDA:0,(anonymous_3)
FNDA:0,(anonymous_4)
FNDA:0,(anonymous_5)
FNDA:0,(anonymous_6)
FNDA:0,(anonymous_7)
FNDA:0,(anonymous_8)
FNDA:0,(anonymous_9)
DA:15,0
DA:16,0
DA:17,0
DA:18,0
DA:19,0
DA:21,0
DA:22,0
DA:23,0
DA:26,0
DA:41,0
DA:55,0
DA:59,0
DA:60,0
LF:13
LH:0
BRDA:41,0,0,0
BRDA:41,0,1,0
BRF:2
BRH:0
end_of_record
TN:
SF:/Users/tom.wilson/Documents/Professional/React/third-clothing/client/src/global.style.js
FNF:0
FNH:0
DA:3,0
LF:1
LH:0
BRF:0
BRH:0
end_of_record
TN:
SF:/Users/tom.wilson/Documents/Professional/React/third-clothing/client/src/index.js
FNF:0
FNH:0
DA:13,0
DA:24,0
LF:2
LH:0
BRF:0
BRH:0
end_of_record
TN:
SF:/Users/tom.wilson/Documents/Professional/React/third-clothing/client/src/serviceWorker.js
FN:23,register
FN:34,(anonymous_1)
FN:43,(anonymous_2)
FN:57,registerValidSW
FN:60,(anonymous_4)
FN:61,(anonymous_5)
FN:66,(anonymous_6)
FN:96,(anonymous_7)
FN:101,checkValidServiceWorker
FN:106,(anonymous_9)
FN:114,(anonymous_10)
FN:115,(anonymous_11)
FN:124,(anonymous_12)
FN:131,unregister
FN:134,(anonymous_14)
FN:137,(anonymous_15)
FNF:16
FNH:0
FNDA:0,register
FNDA:0,(anonymous_1)
FNDA:0,(anonymous_2)
FNDA:0,registerValidSW
FNDA:0,(anonymous_4)
FNDA:0,(anonymous_5)
FNDA:0,(anonymous_6)
FNDA:0,(anonymous_7)
FNDA:0,checkValidServiceWorker
FNDA:0,(anonymous_9)
FNDA:0,(anonymous_10)
FNDA:0,(anonymous_11)
FNDA:0,(anonymous_12)
FNDA:0,unregister
FNDA:0,(anonymous_14)
FNDA:0,(anonymous_15)
DA:13,0
DA:24,0
DA:26,0
DA:27,0
DA:31,0
DA:34,0
DA:35,0
DA:37,0
DA:39,0
DA:43,0
DA:44,0
DA:51,0
DA:58,0
DA:61,0
DA:62,0
DA:63,0
DA:64,0
DA:66,0
DA:67,0
DA:68,0
DA:72,0
DA:78,0
DA:79,0
DA:85,0
DA:88,0
DA:89,0
DA:97,0
DA:103,0
DA:108,0
DA:109,0
DA:114,0
DA:115,0
DA:116,0
DA:121,0
DA:125,0
DA:132,0
DA:133,0
DA:135,0
DA:138,0
LF:39
LH:0
BRDA:14,0,0,0
BRDA:14,0,1,0
BRDA:14,0,2,0
BRDA:24,1,0,0
BRDA:24,1,1,0
BRDA:24,2,0,0
BRDA:24,2,1,0
BRDA:27,3,0,0
BRDA:27,3,1,0
BRDA:37,4,0,0
BRDA:37,4,1,0
BRDA:63,5,0,0
BRDA:63,5,1,0
BRDA:67,6,0,0
BRDA:67,6,1,0
BRDA:68,7,0,0
BRDA:68,7,1,0
BRDA:78,8,0,0
BRDA:78,8,1,0
BRDA:78,9,0,0
BRDA:78,9,1,0
BRDA:88,10,0,0
BRDA:88,10,1,0
BRDA:88,11,0,0
BRDA:88,11,1,0
BRDA:109,12,0,0
BRDA:109,12,1,0
BRDA:110,13,0,0
BRDA:110,13,1,0
BRDA:110,13,2,0
BRDA:132,14,0,0
BRDA:132,14,1,0
BRF:32
BRH:0
end_of_record
TN:
SF:/Users/tom.wilson/Documents/Professional/React/third-clothing/client/src/components/cart-dropdown/cart-dropdown.component.jsx
FN:17,(anonymous_0)
FN:23,(anonymous_1)
FN:37,(anonymous_2)
FNF:3
FNH:3
FNDA:2,(anonymous_0)
FNDA:3,(anonymous_1)
FNDA:1,(anonymous_2)
DA:17,1
DA:18,2
DA:24,3
DA:38,1
DA:39,1
DA:46,1
LF:6
LH:6
BRDA:22,0,0,1
BRDA:22,0,1,1
BRF:2
BRH:2
end_of_record
TN:
SF:/Users/tom.wilson/Documents/Professional/React/third-clothing/client/src/components/cart-dropdown/cart-dropdown.styles.jsx
FNF:0
FNH:0
DA:4,1
DA:25,1
DA:34,1
DA:39,1
DA:43,1
DA:44,1
LF:6
LH:6
BRF:0
BRH:0
end_of_record
TN:
SF:/Users/tom.wilson/Documents/Professional/React/third-clothing/client/src/components/cart-icon/cart-icon.component.jsx
FN:16,(anonymous_0)
FN:36,(anonymous_1)
FN:37,(anonymous_2)
FNF:3
FNH:1
FNDA:1,(anonymous_0)
FNDA:0,(anonymous_1)
FNDA:0,(anonymous_2)
DA:16,1
DA:17,1
DA:32,1
DA:36,1
DA:37,0
LF:5
LH:4
BRF:0
BRH:0
end_of_record
TN:
SF:/Users/tom.wilson/Documents/Professional/React/third-clothing/client/src/components/cart-icon/cart-icon.styles.jsx
FNF:0
FNH:0
DA:5,1
DA:20,1
DA:25,1
DA:32,1
DA:33,1
DA:34,1
LF:6
LH:6
BRF:0
BRH:0
end_of_record
TN:
SF:/Users/tom.wilson/Documents/Professional/React/third-clothing/client/src/components/cart-item/cart-item.component.jsx
FN:11,(anonymous_0)
FNF:1
FNH:1
FNDA:1,(anonymous_0)
DA:11,2
DA:12,1
LF:2
LH:2
BRF:0
BRH:0
end_of_record
TN:
SF:/Users/tom.wilson/Documents/Professional/React/third-clothing/client/src/components/cart-item/cart-item.styles.jsx
FNF:0
FNH:0
DA:3,2
DA:10,2
DA:15,2
DA:24,2
DA:28,2
DA:32,2
DA:33,2
DA:34,2
LF:8
LH:8
BRF:0
BRH:0
end_of_record
TN:
SF:/Users/tom.wilson/Documents/Professional/React/third-clothing/client/src/components/checkout-item/checkout-item.component.jsx
FN:19,(anonymous_0)
FN:31,(anonymous_1)
FN:33,(anonymous_2)
FN:38,(anonymous_3)
FN:45,(anonymous_4)
FN:46,(anonymous_5)
FN:47,(anonymous_6)
FN:48,(anonymous_7)
FNF:8
FNH:1
FNDA:1,(anonymous_0)
FNDA:0,(anonymous_1)
FNDA:0,(anonymous_2)
FNDA:0,(anonymous_3)
FNDA:0,(anonymous_4)
FNDA:0,(anonymous_5)
FNDA:0,(anonymous_6)
FNDA:0,(anonymous_7)
DA:19,1
DA:20,1
DA:21,1
DA:31,0
DA:33,0
DA:38,0
DA:45,1
DA:46,0
DA:47,0
DA:48,0
LF:10
LH:4
BRF:0
BRH:0
end_of_record
TN:
SF:/Users/tom.wilson/Documents/Professional/React/third-clothing/client/src/components/checkout-item/checkout-item.styles.jsx
FNF:0
FNH:0
DA:3,1
DA:16,1
DA:25,1
DA:32,1
DA:42,1
DA:47,1
DA:48,1
LF:7
LH:7
BRF:0
BRH:0
end_of_record
TN:
SF:/Users/tom.wilson/Documents/Professional/React/third-clothing/client/src/components/contact-item/contact-item.component.jsx
FN:14,(anonymous_0)
FNF:1
FNH:1
FNDA:1,(anonymous_0)
DA:14,1
DA:15,1
LF:2
LH:2
BRF:0
BRH:0
end_of_record
TN:
SF:/Users/tom.wilson/Documents/Professional/React/third-clothing/client/src/components/contact-item/contact-item.styles.jsx
FN:37,(anonymous_0)
FNF:1
FNH:0
FNDA:0,(anonymous_0)
DA:3,1
DA:11,1
DA:23,1
DA:37,0
DA:44,1
DA:52,1
DA:59,1
DA:60,1
LF:8
LH:7
BRF:0
BRH:0
end_of_record
TN:
SF:/Users/tom.wilson/Documents/Professional/React/third-clothing/client/src/components/custom-button/custom-button.component.jsx
FN:5,(anonymous_0)
FNF:1
FNH:0
FNDA:0,(anonymous_0)
DA:5,1
DA:6,0
LF:2
LH:1
BRF:0
BRH:0
end_of_record
TN:
SF:/Users/tom.wilson/Documents/Professional/React/third-clothing/client/src/components/custom-button/custom-button.styles.jsx
FN:35,(anonymous_0)
FNF:1
FNH:0
FNDA:0,(anonymous_0)
DA:3,1
DA:15,1
DA:26,1
DA:35,1
DA:36,0
DA:37,0
DA:38,0
DA:39,0
DA:41,0
DA:45,1
LF:10
LH:5
BRDA:36,0,0,0
BRDA:36,0,1,0
BRDA:38,1,0,0
BRDA:38,1,1,0
BRF:4
BRH:0
end_of_record
TN:
SF:/Users/tom.wilson/Documents/Professional/React/third-clothing/client/src/components/detail-directory/detail-directory.component.jsx
FN:11,(anonymous_0)
FN:13,(anonymous_1)
FNF:2
FNH:0
FNDA:0,(anonymous_0)
FNDA:0,(anonymous_1)
DA:11,0
DA:12,0
DA:14,0
DA:19,0
LF:4
LH:0
BRF:0
BRH:0
end_of_record
TN:
SF:/Users/tom.wilson/Documents/Professional/React/third-clothing/client/src/components/directory/directory.component.jsx
FN:11,(anonymous_0)
FN:13,(anonymous_1)
FNF:2
FNH:0
FNDA:0,(anonymous_0)
FNDA:0,(anonymous_1)
DA:11,0
DA:12,0
DA:14,0
DA:19,0
LF:4
LH:0
BRF:0
BRH:0
end_of_record
TN:
SF:/Users/tom.wilson/Documents/Professional/React/third-clothing/client/src/components/error-boundary/error-boundary.component.jsx
FN:10,(anonymous_0)
FN:18,(anonymous_1)
FN:23,(anonymous_2)
FN:27,(anonymous_3)
FNF:4
FNH:0
FNDA:0,(anonymous_0)
FNDA:0,(anonymous_1)
FNDA:0,(anonymous_2)
FNDA:0,(anonymous_3)
DA:11,0
DA:13,0
DA:20,0
DA:24,0
DA:28,0
DA:29,0
DA:36,0
LF:7
LH:0
BRDA:28,0,0,0
BRDA:28,0,1,0
BRF:2
BRH:0
end_of_record
TN:
SF:/Users/tom.wilson/Documents/Professional/React/third-clothing/client/src/components/error-boundary/error-boundary.styles.jsx
FN:14,(anonymous_0)
FNF:1
FNH:0
FNDA:0,(anonymous_0)
DA:3,0
DA:12,0
DA:14,0
DA:21,0
LF:4
LH:0
BRF:0
BRH:0
end_of_record
TN:
SF:/Users/tom.wilson/Documents/Professional/React/third-clothing/client/src/components/form-input/form-input.component.jsx
FN:5,(anonymous_0)
FNF:1
FNH:0
FNDA:0,(anonymous_0)
DA:5,0
DA:6,0
LF:2
LH:0
BRDA:13,0,0,0
BRDA:13,0,1,0
BRDA:14,1,0,0
BRDA:14,1,1,0
BRF:4
BRH:0
end_of_record
TN:
SF:/Users/tom.wilson/Documents/Professional/React/third-clothing/client/src/components/header/header.component.jsx
FN:20,(anonymous_0)
FN:70,(anonymous_1)
FN:71,(anonymous_2)
FNF:3
FNH:0
FNDA:0,(anonymous_0)
FNDA:0,(anonymous_1)
FNDA:0,(anonymous_2)
DA:20,0
DA:22,0
DA:65,0
DA:70,0
DA:71,0
LF:5
LH:0
BRDA:43,0,0,0
BRDA:43,0,1,0
BRDA:61,1,0,0
BRDA:61,1,1,0
BRF:4
BRH:0
end_of_record
TN:
SF:/Users/tom.wilson/Documents/Professional/React/third-clothing/client/src/components/header/header.styles.jsx
FNF:0
FNH:0
DA:4,0
DA:23,0
DA:36,0
DA:47,0
DA:56,0
LF:5
LH:0
BRF:0
BRH:0
end_of_record
TN:
SF:/Users/tom.wilson/Documents/Professional/React/third-clothing/client/src/components/menu-item/menu-item.component.jsx
FN:12,(anonymous_0)
FN:16,(anonymous_1)
FNF:2
FNH:0
FNDA:0,(anonymous_0)
FNDA:0,(anonymous_1)
DA:12,0
DA:13,0
DA:17,0
LF:3
LH:0
BRF:0
BRH:0
end_of_record
TN:
SF:/Users/tom.wilson/Documents/Professional/React/third-clothing/client/src/components/menu-item/menu-item.styles.jsx
FN:11,(anonymous_0)
FN:65,(anonymous_1)
FNF:2
FNH:0
FNDA:0,(anonymous_0)
FNDA:0,(anonymous_1)
DA:3,0
DA:7,0
DA:11,0
DA:12,0
DA:13,0
DA:15,0
DA:19,0
DA:60,0
DA:65,0
DA:68,0
DA:81,0
DA:88,0
LF:12
LH:0
BRDA:12,0,0,0
BRDA:12,0,1,0
BRF:2
BRH:0
end_of_record
TN:
SF:/Users/tom.wilson/Documents/Professional/React/third-clothing/client/src/components/section-item/section-item.component.jsx
FN:15,(anonymous_0)
FN:25,(anonymous_1)
FN:32,(anonymous_2)
FN:33,(anonymous_3)
FNF:4
FNH:0
FNDA:0,(anonymous_0)
FNDA:0,(anonymous_1)
FNDA:0,(anonymous_2)
FNDA:0,(anonymous_3)
DA:15,0
DA:16,0
DA:18,0
DA:25,0
DA:32,0
DA:33,0
LF:6
LH:0
BRF:0
BRH:0
end_of_record
TN:
SF:/Users/tom.wilson/Documents/Professional/React/third-clothing/client/src/components/section-item/section-item.styles.jsx
FN:63,(anonymous_0)
FNF:1
FNH:0
FNDA:0,(anonymous_0)
DA:4,0
DA:35,0
DA:57,0
DA:63,0
DA:66,0
DA:74,0
DA:79,0
LF:7
LH:0
BRF:0
BRH:0
end_of_record
TN:
SF:/Users/tom.wilson/Documents/Professional/React/third-clothing/client/src/components/section-preview/section-preview.component.jsx
FN:12,(anonymous_0)
FN:21,(anonymous_1)
FN:22,(anonymous_2)
FNF:3
FNH:0
FNDA:0,(anonymous_0)
FNDA:0,(anonymous_1)
FNDA:0,(anonymous_2)
DA:12,0
DA:13,0
DA:21,0
DA:23,0
LF:4
LH:0
BRF:0
BRH:0
end_of_record
TN:
SF:/Users/tom.wilson/Documents/Professional/React/third-clothing/client/src/components/section-preview/section-preview.styles.jsx
FNF:0
FNH:0
DA:4,0
DA:13,0
DA:26,0
LF:3
LH:0
BRF:0
BRH:0
end_of_record
TN:
SF:/Users/tom.wilson/Documents/Professional/React/third-clothing/client/src/components/sections-overview/sections-overview.component.jsx
FN:10,(anonymous_0)
FN:12,(anonymous_1)
FNF:2
FNH:0
FNDA:0,(anonymous_0)
FNDA:0,(anonymous_1)
DA:10,0
DA:11,0
DA:13,0
DA:18,0
LF:4
LH:0
BRF:0
BRH:0
end_of_record
TN:
SF:/Users/tom.wilson/Documents/Professional/React/third-clothing/client/src/components/sections-overview/sections-overview.container.jsx
FNF:0
FNH:0
DA:9,0
DA:13,0
LF:2
LH:0
BRF:0
BRH:0
end_of_record
TN:
SF:/Users/tom.wilson/Documents/Professional/React/third-clothing/client/src/components/sign-in/sign-in.component.jsx
FN:18,(anonymous_0)
FN:25,(anonymous_1)
FN:31,(anonymous_2)
FN:77,(anonymous_3)
FN:78,(anonymous_4)
FN:79,(anonymous_5)
FNF:6
FNH:0
FNDA:0,(anonymous_0)
FNDA:0,(anonymous_1)
FNDA:0,(anonymous_2)
FNDA:0,(anonymous_3)
FNDA:0,(anonymous_4)
FNDA:0,(anonymous_5)
DA:18,0
DA:19,0
DA:23,0
DA:25,0
DA:26,0
DA:28,0
DA:31,0
DA:32,0
DA:34,0
DA:40,0
DA:77,0
DA:78,0
DA:79,0
LF:13
LH:0
BRF:0
BRH:0
end_of_record
TN:
SF:/Users/tom.wilson/Documents/Professional/React/third-clothing/client/src/components/sign-in/sign-in.styles.jsx
FNF:0
FNH:0
DA:3,0
DA:15,0
DA:19,0
LF:3
LH:0
BRF:0
BRH:0
end_of_record
TN:
SF:/Users/tom.wilson/Documents/Professional/React/third-clothing/client/src/components/sign-up/sign-up.component.jsx
FN:10,(anonymous_0)
FN:24,(anonymous_1)
FN:34,(anonymous_2)
FN:90,(anonymous_3)
FN:91,(anonymous_4)
FNF:5
FNH:0
FNDA:0,(anonymous_0)
FNDA:0,(anonymous_1)
FNDA:0,(anonymous_2)
FNDA:0,(anonymous_3)
FNDA:0,(anonymous_4)
DA:10,0
DA:11,0
DA:22,0
DA:24,0
DA:25,0
DA:26,0
DA:27,0
DA:28,0
DA:31,0
DA:34,0
DA:35,0
DA:37,0
DA:38,0
DA:44,0
DA:90,0
DA:91,0
LF:16
LH:0
BRDA:26,0,0,0
BRDA:26,0,1,0
BRF:2
BRH:0
end_of_record
TN:
SF:/Users/tom.wilson/Documents/Professional/React/third-clothing/client/src/components/sign-up/sign-up.styles.jsx
FNF:0
FNH:0
DA:3,0
DA:15,0
LF:2
LH:0
BRF:0
BRH:0
end_of_record
TN:
SF:/Users/tom.wilson/Documents/Professional/React/third-clothing/client/src/components/spinner/spinner.component.jsx
FN:5,(anonymous_0)
FNF:1
FNH:0
FNDA:0,(anonymous_0)
DA:5,0
DA:6,0
LF:2
LH:0
BRF:0
BRH:0
end_of_record
TN:
SF:/Users/tom.wilson/Documents/Professional/React/third-clothing/client/src/components/spinner/spinner.styles.jsx
FNF:0
FNH:0
DA:3,0
DA:11,0
LF:2
LH:0
BRF:0
BRH:0
end_of_record
TN:
SF:/Users/tom.wilson/Documents/Professional/React/third-clothing/client/src/components/stripe-button/stripe-button.component.jsx
FN:10,(anonymous_0)
FN:14,(anonymous_1)
FN:23,(anonymous_2)
FN:27,(anonymous_3)
FN:51,(anonymous_4)
FN:52,(anonymous_5)
FN:53,(anonymous_6)
FNF:7
FNH:0
FNDA:0,(anonymous_0)
FNDA:0,(anonymous_1)
FNDA:0,(anonymous_2)
FNDA:0,(anonymous_3)
FNDA:0,(anonymous_4)
FNDA:0,(anonymous_5)
FNDA:0,(anonymous_6)
DA:10,0
DA:11,0
DA:12,0
DA:14,0
DA:15,0
DA:24,0
DA:25,0
DA:28,0
DA:29,0
DA:35,0
DA:51,0
DA:52,0
DA:53,0
LF:13
LH:0
BRF:0
BRH:0
end_of_record
TN:
SF:/Users/tom.wilson/Documents/Professional/React/third-clothing/client/src/components/with-spinner/with-spinner.component.jsx
FN:5,(anonymous_0)
FN:5,(anonymous_1)
FNF:2
FNH:0
FNDA:0,(anonymous_0)
FNDA:0,(anonymous_1)
DA:5,0
DA:6,0
LF:2
LH:0
BRDA:6,0,0,0
BRDA:6,0,1,0
BRF:2
BRH:0
end_of_record
TN:
SF:/Users/tom.wilson/Documents/Professional/React/third-clothing/client/src/firebase/firebase.utils.js
FN:18,(anonymous_0)
FN:43,(anonymous_1)
FN:47,(anonymous_2)
FN:55,(anonymous_3)
FN:58,(anonymous_4)
FN:73,(anonymous_5)
FN:79,(anonymous_6)
FN:80,(anonymous_7)
FN:93,(anonymous_8)
FN:99,(anonymous_9)
FN:100,(anonymous_10)
FN:101,(anonymous_11)
FN:108,(anonymous_12)
FN:120,(anonymous_13)
FN:135,(anonymous_14)
FNF:15
FNH:0
FNDA:0,(anonymous_0)
FNDA:0,(anonymous_1)
FNDA:0,(anonymous_2)
FNDA:0,(anonymous_3)
FNDA:0,(anonymous_4)
FNDA:0,(anonymous_5)
FNDA:0,(anonymous_6)
FNDA:0,(anonymous_7)
FNDA:0,(anonymous_8)
FNDA:0,(anonymous_9)
FNDA:0,(anonymous_10)
FNDA:0,(anonymous_11)
FNDA:0,(anonymous_12)
FNDA:0,(anonymous_13)
FNDA:0,(anonymous_14)
DA:5,0
DA:16,0
DA:18,0
DA:19,0
DA:21,0
DA:23,0
DA:25,0
DA:26,0
DA:27,0
DA:28,0
DA:29,0
DA:36,0
DA:40,0
DA:43,0
DA:44,0
DA:46,0
DA:47,0
DA:48,0
DA:49,0
DA:52,0
DA:55,0
DA:57,0
DA:58,0
DA:59,0
DA:61,0
DA:69,0
DA:72,0
DA:74,0
DA:75,0
DA:79,0
DA:80,0
DA:81,0
DA:83,0
DA:93,0
DA:94,0
DA:95,0
DA:99,0
DA:100,0
DA:101,0
DA:102,0
DA:103,0
DA:108,0
DA:109,0
DA:110,0
DA:112,0
DA:113,0
DA:114,0
DA:116,0
DA:120,0
DA:121,0
DA:122,0
DA:123,0
DA:124,0
DA:127,0
DA:130,0
DA:131,0
DA:133,0
DA:134,0
DA:135,0
LF:59
LH:0
BRDA:19,0,0,0
BRDA:19,0,1,0
BRDA:25,1,0,0
BRDA:25,1,1,0
BRDA:112,2,0,0
BRDA:112,2,1,0
BRF:6
BRH:0
end_of_record
TN:
SF:/Users/tom.wilson/Documents/Professional/React/third-clothing/client/src/icons/email.icon.jsx
FN:3,(anonymous_0)
FNF:1
FNH:0
FNDA:0,(anonymous_0)
DA:3,2
DA:10,0
LF:2
LH:1
BRDA:4,0,0,0
BRDA:5,1,0,0
BRDA:6,2,0,0
BRDA:7,3,0,0
BRDA:8,4,0,0
BRF:5
BRH:0
end_of_record
TN:
SF:/Users/tom.wilson/Documents/Professional/React/third-clothing/client/src/icons/github.icon.jsx
FN:3,(anonymous_0)
FNF:1
FNH:0
FNDA:0,(anonymous_0)
DA:3,2
DA:10,0
LF:2
LH:1
BRDA:4,0,0,0
BRDA:5,1,0,0
BRDA:6,2,0,0
BRDA:7,3,0,0
BRDA:8,4,0,0
BRF:5
BRH:0
end_of_record
TN:
SF:/Users/tom.wilson/Documents/Professional/React/third-clothing/client/src/icons/horn.icon.jsx
FN:3,(anonymous_0)
FNF:1
FNH:0
FNDA:0,(anonymous_0)
DA:3,2
DA:10,0
LF:2
LH:1
BRDA:4,0,0,0
BRDA:5,1,0,0
BRDA:6,2,0,0
BRDA:7,3,0,0
BRDA:8,4,0,0
BRF:5
BRH:0
end_of_record
TN:
SF:/Users/tom.wilson/Documents/Professional/React/third-clothing/client/src/icons/icon.index.js
FN:8,(anonymous_0)
FNF:1
FNH:0
FNDA:0,(anonymous_0)
DA:8,2
DA:9,0
DA:11,0
DA:13,0
DA:15,0
DA:17,0
DA:19,0
DA:21,0
LF:8
LH:1
BRDA:9,0,0,0
BRDA:9,0,1,0
BRDA:9,0,2,0
BRDA:9,0,3,0
BRDA:9,0,4,0
BRDA:9,0,5,0
BRF:6
BRH:0
end_of_record
TN:
SF:/Users/tom.wilson/Documents/Professional/React/third-clothing/client/src/icons/linkedin.icon.jsx
FN:3,(anonymous_0)
FNF:1
FNH:0
FNDA:0,(anonymous_0)
DA:3,2
DA:10,0
LF:2
LH:1
BRDA:4,0,0,0
BRDA:5,1,0,0
BRDA:6,2,0,0
BRDA:7,3,0,0
BRDA:8,4,0,0
BRF:5
BRH:0
end_of_record
TN:
SF:/Users/tom.wilson/Documents/Professional/React/third-clothing/client/src/icons/shopping-bag.icon.jsx
FN:3,(anonymous_0)
FNF:1
FNH:0
FNDA:0,(anonymous_0)
DA:3,2
DA:10,0
LF:2
LH:1
BRDA:4,0,0,0
BRDA:5,1,0,0
BRDA:6,2,0,0
BRDA:7,3,0,0
BRDA:8,4,0,0
BRF:5
BRH:0
end_of_record
TN:
SF:/Users/tom.wilson/Documents/Professional/React/third-clothing/client/src/pages/checkout/checkout.page.jsx
FN:17,(anonymous_0)
FN:38,(anonymous_1)
FNF:2
FNH:0
FNDA:0,(anonymous_0)
FNDA:0,(anonymous_1)
DA:17,0
DA:18,0
DA:39,0
DA:58,0
LF:4
LH:0
BRF:0
BRH:0
end_of_record
TN:
SF:/Users/tom.wilson/Documents/Professional/React/third-clothing/client/src/pages/checkout/checkout.styles.jsx
FNF:0
FNH:0
DA:3,0
DA:19,0
DA:27,0
DA:36,0
DA:42,0
LF:5
LH:0
BRF:0
BRH:0
end_of_record
TN:
SF:/Users/tom.wilson/Documents/Professional/React/third-clothing/client/src/pages/contact/contact.page.jsx
FN:11,(anonymous_0)
FN:17,(anonymous_1)
FN:29,(anonymous_2)
FN:30,(anonymous_3)
FN:31,(anonymous_4)
FNF:5
FNH:0
FNDA:0,(anonymous_0)
FNDA:0,(anonymous_1)
FNDA:0,(anonymous_2)
FNDA:0,(anonymous_3)
FNDA:0,(anonymous_4)
DA:12,0
DA:13,0
DA:14,0
DA:18,0
DA:29,0
DA:30,0
DA:31,0
LF:7
LH:0
BRF:0
BRH:0
end_of_record
TN:
SF:/Users/tom.wilson/Documents/Professional/React/third-clothing/client/src/pages/contact/contact.styles.jsx
FNF:0
FNH:0
DA:3,0
DA:9,0
LF:2
LH:0
BRF:0
BRH:0
end_of_record
TN:
SF:/Users/tom.wilson/Documents/Professional/React/third-clothing/client/src/pages/home/home.page.jsx
FN:11,(anonymous_0)
FN:17,(anonymous_1)
FN:26,(anonymous_2)
FN:27,(anonymous_3)
FN:28,(anonymous_4)
FNF:5
FNH:0
FNDA:0,(anonymous_0)
FNDA:0,(anonymous_1)
FNDA:0,(anonymous_2)
FNDA:0,(anonymous_3)
FNDA:0,(anonymous_4)
DA:12,0
DA:13,0
DA:14,0
DA:18,0
DA:26,0
DA:27,0
DA:28,0
LF:7
LH:0
BRF:0
BRH:0
end_of_record
TN:
SF:/Users/tom.wilson/Documents/Professional/React/third-clothing/client/src/pages/home/home.styles.jsx
FNF:0
FNH:0
DA:3,0
LF:1
LH:0
BRF:0
BRH:0
end_of_record
TN:
SF:/Users/tom.wilson/Documents/Professional/React/third-clothing/client/src/pages/section/section.container.jsx
FN:10,(anonymous_0)
FNF:1
FNH:0
FNDA:0,(anonymous_0)
DA:9,0
DA:10,0
DA:13,0
LF:3
LH:0
BRF:0
BRH:0
end_of_record
TN:
SF:/Users/tom.wilson/Documents/Professional/React/third-clothing/client/src/pages/section/section.page.jsx
FN:14,(anonymous_0)
FN:23,(anonymous_1)
FN:34,(anonymous_2)
FNF:3
FNH:0
FNDA:0,(anonymous_0)
FNDA:0,(anonymous_1)
FNDA:0,(anonymous_2)
DA:14,0
DA:15,0
DA:16,0
DA:24,0
DA:34,0
LF:5
LH:0
BRF:0
BRH:0
end_of_record
TN:
SF:/Users/tom.wilson/Documents/Professional/React/third-clothing/client/src/pages/section/section.styles.jsx
FNF:0
FNH:0
DA:3,0
DA:11,0
DA:16,0
LF:3
LH:0
BRF:0
BRH:0
end_of_record
TN:
SF:/Users/tom.wilson/Documents/Professional/React/third-clothing/client/src/pages/shop/shop.page.jsx
FN:11,(anonymous_0)
FN:12,(anonymous_1)
FN:14,(anonymous_2)
FN:15,(anonymous_3)
FN:40,(anonymous_4)
FN:41,(anonymous_5)
FN:42,(anonymous_6)
FNF:7
FNH:0
FNDA:0,(anonymous_0)
FNDA:0,(anonymous_1)
FNDA:0,(anonymous_2)
FNDA:0,(anonymous_3)
FNDA:0,(anonymous_4)
FNDA:0,(anonymous_5)
FNDA:0,(anonymous_6)
DA:11,0
DA:12,0
DA:14,0
DA:15,0
DA:16,0
DA:17,0
DA:20,0
DA:40,0
DA:41,0
DA:42,0
LF:10
LH:0
BRF:0
BRH:0
end_of_record
TN:
SF:/Users/tom.wilson/Documents/Professional/React/third-clothing/client/src/pages/sign-in-and-sign-up/sign-in-and-sign-up.page.jsx
FN:8,(anonymous_0)
FNF:1
FNH:0
FNDA:0,(anonymous_0)
DA:8,0
DA:9,0
LF:2
LH:0
BRF:0
BRH:0
end_of_record
TN:
SF:/Users/tom.wilson/Documents/Professional/React/third-clothing/client/src/pages/sign-in-and-sign-up/sign-in-and-sign-up.styles.jsx
FNF:0
FNH:0
DA:3,0
LF:1
LH:0
BRF:0
BRH:0
end_of_record
TN:
SF:/Users/tom.wilson/Documents/Professional/React/third-clothing/client/src/redux/root-reducer.js
FNF:0
FNH:0
DA:11,0
DA:17,0
LF:2
LH:0
BRF:0
BRH:0
end_of_record
TN:
SF:/Users/tom.wilson/Documents/Professional/React/third-clothing/client/src/redux/root-saga.js
FN:8,rootSaga
FNF:1
FNH:0
FNDA:0,rootSaga
DA:9,0
LF:1
LH:0
BRF:0
BRH:0
end_of_record
TN:
SF:/Users/tom.wilson/Documents/Professional/React/third-clothing/client/src/redux/store.js
FNF:0
FNH:0
DA:9,0
DA:11,0
DA:13,0
DA:14,0
DA:17,0
DA:19,0
DA:21,0
LF:7
LH:0
BRDA:13,0,0,0
BRDA:13,0,1,0
BRF:2
BRH:0
end_of_record
TN:
SF:/Users/tom.wilson/Documents/Professional/React/third-clothing/client/src/redux/cart/cart.actions.js
FN:3,(anonymous_0)
FN:7,(anonymous_1)
FN:11,(anonymous_2)
FN:16,(anonymous_3)
FN:21,(anonymous_4)
FN:26,(anonymous_5)
FN:30,(anonymous_6)
FN:34,(anonymous_7)
FN:39,(anonymous_8)
FNF:9
FNH:1
FNDA:2,(anonymous_0)
FNDA:0,(anonymous_1)
FNDA:0,(anonymous_2)
FNDA:0,(anonymous_3)
FNDA:0,(anonymous_4)
FNDA:0,(anonymous_5)
FNDA:0,(anonymous_6)
FNDA:0,(anonymous_7)
FNDA:0,(anonymous_8)
DA:3,3
DA:7,3
DA:11,3
DA:16,3
DA:21,3
DA:26,3
DA:30,3
DA:34,3
DA:39,3
LF:9
LH:9
BRF:0
BRH:0
end_of_record
TN:
SF:/Users/tom.wilson/Documents/Professional/React/third-clothing/client/src/redux/cart/cart.reducer.js
FN:9,(anonymous_0)
FN:35,(anonymous_1)
FNF:2
FNH:0
FNDA:0,(anonymous_0)
FNDA:0,(anonymous_1)
DA:4,0
DA:9,0
DA:10,0
DA:12,0
DA:17,0
DA:22,0
DA:27,0
DA:32,0
DA:35,0
DA:39,0
DA:44,0
DA:49,0
LF:12
LH:0
BRDA:9,0,0,0
BRDA:10,1,0,0
BRDA:10,1,1,0
BRDA:10,1,2,0
BRDA:10,1,3,0
BRDA:10,1,4,0
BRDA:10,1,5,0
BRDA:10,1,6,0
BRDA:10,1,7,0
BRF:9
BRH:0
end_of_record
TN:
SF:/Users/tom.wilson/Documents/Professional/React/third-clothing/client/src/redux/cart/cart.sagas.js
FN:11,clearCartOnSignOut
FN:15,onSignOutSuccess
FN:19,updateCartInFirebase
FN:32,checkCartFromFirebase
FN:38,createNewUserCart
FN:53,onUserSignIn
FN:57,onCartChange
FN:68,onCheckOut
FN:77,cartSagas
FNF:9
FNH:0
FNDA:0,clearCartOnSignOut
FNDA:0,onSignOutSuccess
FNDA:0,updateCartInFirebase
FNDA:0,checkCartFromFirebase
FNDA:0,createNewUserCart
FNDA:0,onUserSignIn
FNDA:0,onCartChange
FNDA:0,onCheckOut
FNDA:0,cartSagas
DA:12,0
DA:16,0
DA:20,0
DA:21,0
DA:22,0
DA:23,0
DA:24,0
DA:25,0
DA:27,0
DA:33,0
DA:34,0
DA:35,0
DA:39,0
DA:40,0
DA:41,0
DA:42,0
DA:43,0
DA:44,0
DA:46,0
DA:49,0
DA:54,0
DA:58,0
DA:69,0
DA:78,0
LF:24
LH:0
BRDA:21,0,0,0
BRDA:21,0,1,0
BRDA:40,1,0,0
BRDA:40,1,1,0
BRF:4
BRH:0
end_of_record
TN:
SF:/Users/tom.wilson/Documents/Professional/React/third-clothing/client/src/redux/cart/cart.selectors.js
FN:3,(anonymous_0)
FN:7,(anonymous_1)
FN:12,(anonymous_2)
FN:17,(anonymous_3)
FN:18,(anonymous_4)
FN:26,(anonymous_5)
FN:27,(anonymous_6)
FNF:7
FNH:0
FNDA:0,(anonymous_0)
FNDA:0,(anonymous_1)
FNDA:0,(anonymous_2)
FNDA:0,(anonymous_3)
FNDA:0,(anonymous_4)
FNDA:0,(anonymous_5)
FNDA:0,(anonymous_6)
DA:3,2
DA:5,2
DA:7,0
DA:10,2
DA:12,0
DA:15,2
DA:17,0
DA:19,0
DA:24,2
DA:26,0
DA:28,0
LF:11
LH:5
BRF:0
BRH:0
end_of_record
TN:
SF:/Users/tom.wilson/Documents/Professional/React/third-clothing/client/src/redux/cart/cart.types.js
FNF:0
FNH:0
DA:1,3
LF:1
LH:1
BRF:0
BRH:0
end_of_record
TN:
SF:/Users/tom.wilson/Documents/Professional/React/third-clothing/client/src/redux/cart/cart.utils.js
FN:1,(anonymous_0)
FN:3,(anonymous_1)
FN:7,(anonymous_2)
FN:18,(anonymous_3)
FN:20,(anonymous_4)
FN:24,(anonymous_5)
FN:28,(anonymous_6)
FNF:7
FNH:0
FNDA:0,(anonymous_0)
FNDA:0,(anonymous_1)
FNDA:0,(anonymous_2)
FNDA:0,(anonymous_3)
FNDA:0,(anonymous_4)
FNDA:0,(anonymous_5)
FNDA:0,(anonymous_6)
DA:1,0
DA:2,0
DA:3,0
DA:6,0
DA:7,0
DA:8,0
DA:13,0
DA:18,0
DA:19,0
DA:20,0
DA:23,0
DA:24,0
DA:27,0
DA:29,0
LF:14
LH:0
BRDA:6,0,0,0
BRDA:6,0,1,0
BRDA:8,1,0,0
BRDA:8,1,1,0
BRDA:23,2,0,0
BRDA:23,2,1,0
BRDA:29,3,0,0
BRDA:29,3,1,0
BRF:8
BRH:0
end_of_record
TN:
SF:/Users/tom.wilson/Documents/Professional/React/third-clothing/client/src/redux/contact/contact.actions.js
FN:3,(anonymous_0)
FN:8,(anonymous_1)
FN:13,(anonymous_2)
FNF:3
FNH:0
FNDA:0,(anonymous_0)
FNDA:0,(anonymous_1)
FNDA:0,(anonymous_2)
DA:3,0
DA:8,0
DA:13,0
LF:3
LH:0
BRF:0
BRH:0
end_of_record
TN:
SF:/Users/tom.wilson/Documents/Professional/React/third-clothing/client/src/redux/contact/contact.reducer.js
FN:9,(anonymous_0)
FNF:1
FNH:0
FNDA:0,(anonymous_0)
DA:3,0
DA:9,0
DA:10,0
DA:12,0
DA:17,0
DA:23,0
DA:29,0
LF:7
LH:0
BRDA:9,0,0,0
BRDA:10,1,0,0
BRDA:10,1,1,0
BRDA:10,1,2,0
BRDA:10,1,3,0
BRF:5
BRH:0
end_of_record
TN:
SF:/Users/tom.wilson/Documents/Professional/React/third-clothing/client/src/redux/contact/contact.sagas.js
FN:13,fetchContactDetailsAsync
FN:27,fetchContactDetailsStart
FN:34,contactSagas
FNF:3
FNH:0
FNDA:0,fetchContactDetailsAsync
FNDA:0,fetchContactDetailsStart
FNDA:0,contactSagas
DA:14,0
DA:15,0
DA:16,0
DA:17,0
DA:21,0
DA:23,0
DA:28,0
DA:35,0
LF:8
LH:0
BRF:0
BRH:0
end_of_record
TN:
SF:/Users/tom.wilson/Documents/Professional/React/third-clothing/client/src/redux/contact/contact.selectors.js
FN:3,(anonymous_0)
FN:7,(anonymous_1)
FN:12,(anonymous_2)
FN:14,(anonymous_3)
FN:22,(anonymous_4)
FN:27,(anonymous_5)
FNF:6
FNH:0
FNDA:0,(anonymous_0)
FNDA:0,(anonymous_1)
FNDA:0,(anonymous_2)
FNDA:0,(anonymous_3)
FNDA:0,(anonymous_4)
FNDA:0,(anonymous_5)
DA:3,0
DA:5,0
DA:7,0
DA:10,0
DA:12,0
DA:15,0
DA:20,0
DA:22,0
DA:25,0
DA:27,0
LF:10
LH:0
BRDA:12,0,0,0
BRDA:12,0,1,0
BRF:2
BRH:0
end_of_record
TN:
SF:/Users/tom.wilson/Documents/Professional/React/third-clothing/client/src/redux/contact/contact.types.js
FNF:0
FNH:0
DA:1,0
LF:1
LH:0
BRF:0
BRH:0
end_of_record
TN:
SF:/Users/tom.wilson/Documents/Professional/React/third-clothing/client/src/redux/directory/directory.reducer.js
FN:11,(anonymous_0)
FNF:1
FNH:0
FNDA:0,(anonymous_0)
DA:7,0
DA:11,0
DA:12,0
DA:14,0
LF:4
LH:0
BRDA:11,0,0,0
BRDA:12,1,0,0
BRF:2
BRH:0
end_of_record
TN:
SF:/Users/tom.wilson/Documents/Professional/React/third-clothing/client/src/redux/directory/directory.selectors.js
FN:3,(anonymous_0)
FN:7,(anonymous_1)
FNF:2
FNH:0
FNDA:0,(anonymous_0)
FNDA:0,(anonymous_1)
DA:3,0
DA:5,0
DA:7,0
LF:3
LH:0
BRF:0
BRH:0
end_of_record
TN:
SF:/Users/tom.wilson/Documents/Professional/React/third-clothing/client/src/redux/shop/shop.actions.js
FN:8,(anonymous_0)
FN:12,(anonymous_1)
FN:17,(anonymous_2)
FN:22,(anonymous_3)
FN:23,(anonymous_4)
FN:29,(anonymous_5)
FN:33,(anonymous_6)
FNF:7
FNH:0
FNDA:0,(anonymous_0)
FNDA:0,(anonymous_1)
FNDA:0,(anonymous_2)
FNDA:0,(anonymous_3)
FNDA:0,(anonymous_4)
FNDA:0,(anonymous_5)
FNDA:0,(anonymous_6)
DA:8,0
DA:12,0
DA:17,0
DA:22,0
DA:23,0
DA:24,0
DA:25,0
DA:27,0
DA:30,0
DA:31,0
DA:33,0
LF:11
LH:0
BRF:0
BRH:0
end_of_record
TN:
SF:/Users/tom.wilson/Documents/Professional/React/third-clothing/client/src/redux/shop/shop.reducer.js
FN:9,(anonymous_0)
FNF:1
FNH:0
FNDA:0,(anonymous_0)
DA:3,0
DA:9,0
DA:10,0
DA:13,0
DA:18,0
DA:23,0
DA:29,0
DA:35,0
LF:8
LH:0
BRDA:9,0,0,0
BRDA:10,1,0,0
BRDA:10,1,1,0
BRDA:10,1,2,0
BRDA:10,1,3,0
BRDA:10,1,4,0
BRF:6
BRH:0
end_of_record
TN:
SF:/Users/tom.wilson/Documents/Professional/React/third-clothing/client/src/redux/shop/shop.sagas.js
FN:13,fetchSectionsAsync
FN:27,fetchSectionsStart
FN:34,shopSagas
FNF:3
FNH:0
FNDA:0,fetchSectionsAsync
FNDA:0,fetchSectionsStart
FNDA:0,shopSagas
DA:14,0
DA:15,0
DA:16,0
DA:17,0
DA:21,0
DA:23,0
DA:28,0
DA:35,0
LF:8
LH:0
BRF:0
BRH:0
end_of_record
TN:
SF:/Users/tom.wilson/Documents/Professional/React/third-clothing/client/src/redux/shop/shop.selectors.js
FN:3,(anonymous_0)
FN:7,(anonymous_1)
FN:12,(anonymous_2)
FN:14,(anonymous_3)
FN:20,(anonymous_4)
FN:22,(anonymous_5)
FN:29,(anonymous_6)
FN:34,(anonymous_7)
FNF:8
FNH:0
FNDA:0,(anonymous_0)
FNDA:0,(anonymous_1)
FNDA:0,(anonymous_2)
FNDA:0,(anonymous_3)
FNDA:0,(anonymous_4)
FNDA:0,(anonymous_5)
FNDA:0,(anonymous_6)
FNDA:0,(anonymous_7)
DA:3,0
DA:5,0
DA:7,0
DA:10,0
DA:12,0
DA:15,0
DA:20,0
DA:22,0
DA:27,0
DA:29,0
DA:32,0
DA:34,0
LF:12
LH:0
BRDA:12,0,0,0
BRDA:12,0,1,0
BRDA:22,1,0,0
BRDA:22,1,1,0
BRF:4
BRH:0
end_of_record
TN:
SF:/Users/tom.wilson/Documents/Professional/React/third-clothing/client/src/redux/shop/shop.types.js
FNF:0
FNH:0
DA:1,0
LF:1
LH:0
BRF:0
BRH:0
end_of_record
TN:
SF:/Users/tom.wilson/Documents/Professional/React/third-clothing/client/src/redux/user/user.actions.js
FN:3,(anonymous_0)
FN:7,(anonymous_1)
FN:12,(anonymous_2)
FN:17,(anonymous_3)
FN:22,(anonymous_4)
FN:26,(anonymous_5)
FN:30,(anonymous_6)
FN:34,(anonymous_7)
FN:39,(anonymous_8)
FNF:9
FNH:0
FNDA:0,(anonymous_0)
FNDA:0,(anonymous_1)
FNDA:0,(anonymous_2)
FNDA:0,(anonymous_3)
FNDA:0,(anonymous_4)
FNDA:0,(anonymous_5)
FNDA:0,(anonymous_6)
FNDA:0,(anonymous_7)
FNDA:0,(anonymous_8)
DA:3,0
DA:7,0
DA:12,0
DA:17,0
DA:22,0
DA:26,0
DA:30,0
DA:34,0
DA:39,0
LF:9
LH:0
BRF:0
BRH:0
end_of_record
TN:
SF:/Users/tom.wilson/Documents/Professional/React/third-clothing/client/src/redux/user/user.reducer.js
FN:7,(anonymous_0)
FNF:1
FNH:0
FNDA:0,(anonymous_0)
DA:3,0
DA:7,0
DA:8,0
DA:10,0
DA:15,0
DA:21,0
DA:26,0
DA:32,0
DA:37,0
LF:9
LH:0
BRDA:7,0,0,0
BRDA:8,1,0,0
BRDA:8,1,1,0
BRDA:8,1,2,0
BRDA:8,1,3,0
BRDA:8,1,4,0
BRDA:8,1,5,0
BRF:7
BRH:0
end_of_record
TN:
SF:/Users/tom.wilson/Documents/Professional/React/third-clothing/client/src/redux/user/user.sagas.js
FN:19,getSnapshotFromUserAuth
FN:33,signInWithGoogle
FN:44,signInWithEmail
FN:55,isUserAuthenticated
FN:65,signOut
FN:74,signUp
FN:86,signInAfterSignUp
FN:90,onGoogleSignInStart
FN:94,onEmailSignInStart
FN:98,onCheckUserSession
FN:102,onSignOutStart
FN:106,onSignUpStart
FN:110,onSignUpSuccess
FN:114,userSagas
FNF:14
FNH:0
FNDA:0,getSnapshotFromUserAuth
FNDA:0,signInWithGoogle
FNDA:0,signInWithEmail
FNDA:0,isUserAuthenticated
FNDA:0,signOut
FNDA:0,signUp
FNDA:0,signInAfterSignUp
FNDA:0,onGoogleSignInStart
FNDA:0,onEmailSignInStart
FNDA:0,onCheckUserSession
FNDA:0,onSignOutStart
FNDA:0,onSignUpStart
FNDA:0,onSignUpSuccess
FNDA:0,userSagas
DA:20,0
DA:21,0
DA:22,0
DA:23,0
DA:27,0
DA:34,0
DA:35,0
DA:36,0
DA:38,0
DA:45,0
DA:46,0
DA:47,0
DA:49,0
DA:56,0
DA:57,0
DA:58,0
DA:59,0
DA:61,0
DA:66,0
DA:67,0
DA:68,0
DA:70,0
DA:75,0
DA:76,0
DA:80,0
DA:82,0
DA:87,0
DA:91,0
DA:95,0
DA:99,0
DA:103,0
DA:107,0
DA:111,0
DA:115,0
LF:34
LH:0
BRDA:58,0,0,0
BRDA:58,0,1,0
BRF:2
BRH:0
end_of_record
TN:
SF:/Users/tom.wilson/Documents/Professional/React/third-clothing/client/src/redux/user/user.selectors.js
FN:3,(anonymous_0)
FN:7,(anonymous_1)
FNF:2
FNH:0
FNDA:0,(anonymous_0)
FNDA:0,(anonymous_1)
DA:3,0
DA:5,0
DA:7,0
LF:3
LH:0
BRF:0
BRH:0
end_of_record
TN:
SF:/Users/tom.wilson/Documents/Professional/React/third-clothing/client/src/redux/user/user.types.js
FNF:0
FNH:0
DA:1,0
LF:1
LH:0
BRF:0
BRH:0
end_of_record
